<?xml version="1.0" encoding="UTF-8"?>
<testsuite xmlns:xsi="http://www.w3.org/2001/XMLSchema-instance" xsi:noNamespaceSchemaLocation="https://maven.apache.org/surefire/maven-surefire-plugin/xsd/surefire-test-report.xsd" name="org.puppy.hadoop.TestHadoopFileSystem" time="2.191" tests="11" errors="10" skipped="0" failures="0">
  <properties>
    <property name="sun.desktop" value="windows"/>
    <property name="awt.toolkit" value="sun.awt.windows.WToolkit"/>
    <property name="file.encoding.pkg" value="sun.io"/>
    <property name="java.specification.version" value="1.8"/>
    <property name="sun.cpu.isalist" value="amd64"/>
    <property name="sun.jnu.encoding" value="GBK"/>
    <property name="java.class.path" value="D:\Workspace\flink-walkthrough-datastream-java\hadoop-module\target\test-classes;D:\Workspace\flink-walkthrough-datastream-java\hadoop-module\target\classes;C:\Users\puppy\.m2\repository\org\apache\hive\hive-jdbc\3.1.2\hive-jdbc-3.1.2.jar;C:\Users\puppy\.m2\repository\org\apache\hive\hive-common\3.1.2\hive-common-3.1.2.jar;C:\Users\puppy\.m2\repository\org\apache\hive\hive-classification\3.1.2\hive-classification-3.1.2.jar;C:\Users\puppy\.m2\repository\org\apache\hive\hive-storage-api\2.7.0\hive-storage-api-2.7.0.jar;C:\Users\puppy\.m2\repository\commons-lang\commons-lang\2.6\commons-lang-2.6.jar;C:\Users\puppy\.m2\repository\org\apache\commons\commons-lang3\3.2\commons-lang3-3.2.jar;C:\Users\puppy\.m2\repository\org\apache\orc\orc-core\1.5.6\orc-core-1.5.6.jar;C:\Users\puppy\.m2\repository\org\apache\orc\orc-shims\1.5.6\orc-shims-1.5.6.jar;C:\Users\puppy\.m2\repository\io\airlift\aircompressor\0.10\aircompressor-0.10.jar;C:\Users\puppy\.m2\repository\jline\jline\2.12\jline-2.12.jar;C:\Users\puppy\.m2\repository\org\eclipse\jetty\jetty-http\9.3.20.v20170531\jetty-http-9.3.20.v20170531.jar;C:\Users\puppy\.m2\repository\org\eclipse\jetty\jetty-rewrite\9.3.20.v20170531\jetty-rewrite-9.3.20.v20170531.jar;C:\Users\puppy\.m2\repository\org\eclipse\jetty\jetty-client\9.3.20.v20170531\jetty-client-9.3.20.v20170531.jar;C:\Users\puppy\.m2\repository\org\eclipse\jetty\jetty-servlet\9.3.20.v20170531\jetty-servlet-9.3.20.v20170531.jar;C:\Users\puppy\.m2\repository\org\eclipse\jetty\jetty-security\9.3.20.v20170531\jetty-security-9.3.20.v20170531.jar;C:\Users\puppy\.m2\repository\org\eclipse\jetty\jetty-webapp\9.3.20.v20170531\jetty-webapp-9.3.20.v20170531.jar;C:\Users\puppy\.m2\repository\org\eclipse\jetty\jetty-xml\9.3.20.v20170531\jetty-xml-9.3.20.v20170531.jar;C:\Users\puppy\.m2\repository\joda-time\joda-time\2.9.9\joda-time-2.9.9.jar;C:\Users\puppy\.m2\repository\org\apache\logging\log4j\log4j-web\2.10.0\log4j-web-2.10.0.jar;C:\Users\puppy\.m2\repository\org\apache\logging\log4j\log4j-api\2.10.0\log4j-api-2.10.0.jar;C:\Users\puppy\.m2\repository\org\apache\logging\log4j\log4j-core\2.10.0\log4j-core-2.10.0.jar;C:\Users\puppy\.m2\repository\org\apache\commons\commons-compress\1.9\commons-compress-1.9.jar;C:\Users\puppy\.m2\repository\org\apache\ant\ant\1.9.1\ant-1.9.1.jar;C:\Users\puppy\.m2\repository\org\apache\ant\ant-launcher\1.9.1\ant-launcher-1.9.1.jar;C:\Users\puppy\.m2\repository\net\sf\jpam\jpam\1.1\jpam-1.1.jar;C:\Users\puppy\.m2\repository\com\tdunning\json\1.8\json-1.8.jar;C:\Users\puppy\.m2\repository\io\dropwizard\metrics\metrics-core\3.1.0\metrics-core-3.1.0.jar;C:\Users\puppy\.m2\repository\io\dropwizard\metrics\metrics-jvm\3.1.0\metrics-jvm-3.1.0.jar;C:\Users\puppy\.m2\repository\io\dropwizard\metrics\metrics-json\3.1.0\metrics-json-3.1.0.jar;C:\Users\puppy\.m2\repository\com\github\joshelser\dropwizard-metrics-hadoop-metrics2-reporter\0.1.2\dropwizard-metrics-hadoop-metrics2-reporter-0.1.2.jar;C:\Users\puppy\.m2\repository\javolution\javolution\5.5.1\javolution-5.5.1.jar;C:\Users\puppy\.m2\repository\org\apache\hive\hive-service\3.1.2\hive-service-3.1.2.jar;C:\Users\puppy\.m2\repository\org\apache\hive\hive-llap-server\3.1.2\hive-llap-server-3.1.2.jar;C:\Users\puppy\.m2\repository\org\apache\hive\hive-llap-common\3.1.2\hive-llap-common-3.1.2.jar;C:\Users\puppy\.m2\repository\org\apache\hive\hive-llap-client\3.1.2\hive-llap-client-3.1.2.jar;C:\Users\puppy\.m2\repository\org\apache\hive\hive-llap-tez\3.1.2\hive-llap-tez-3.1.2.jar;C:\Users\puppy\.m2\repository\org\codehaus\jettison\jettison\1.1\jettison-1.1.jar;C:\Users\puppy\.m2\repository\org\apache\hive\hive-llap-common\3.1.2\hive-llap-common-3.1.2-tests.jar;C:\Users\puppy\.m2\repository\org\apache\hbase\hbase-hadoop2-compat\2.0.0-alpha4\hbase-hadoop2-compat-2.0.0-alpha4.jar;C:\Users\puppy\.m2\repository\org\apache\hbase\hbase-metrics\2.0.0-alpha4\hbase-metrics-2.0.0-alpha4.jar;C:\Users\puppy\.m2\repository\org\apache\hbase\hbase-metrics-api\2.0.0-alpha4\hbase-metrics-api-2.0.0-alpha4.jar;C:\Users\puppy\.m2\repository\org\apache\hbase\hbase-server\2.0.0-alpha4\hbase-server-2.0.0-alpha4.jar;C:\Users\puppy\.m2\repository\org\apache\hbase\hbase-http\2.0.0-alpha4\hbase-http-2.0.0-alpha4.jar;C:\Users\puppy\.m2\repository\org\glassfish\jersey\core\jersey-server\2.25.1\jersey-server-2.25.1.jar;C:\Users\puppy\.m2\repository\org\glassfish\jersey\core\jersey-common\2.25.1\jersey-common-2.25.1.jar;C:\Users\puppy\.m2\repository\org\glassfish\jersey\bundles\repackaged\jersey-guava\2.25.1\jersey-guava-2.25.1.jar;C:\Users\puppy\.m2\repository\org\glassfish\hk2\osgi-resource-locator\1.0.1\osgi-resource-locator-1.0.1.jar;C:\Users\puppy\.m2\repository\org\glassfish\jersey\core\jersey-client\2.25.1\jersey-client-2.25.1.jar;C:\Users\puppy\.m2\repository\org\glassfish\jersey\media\jersey-media-jaxb\2.25.1\jersey-media-jaxb-2.25.1.jar;C:\Users\puppy\.m2\repository\org\glassfish\hk2\hk2-api\2.5.0-b32\hk2-api-2.5.0-b32.jar;C:\Users\puppy\.m2\repository\org\glassfish\hk2\hk2-utils\2.5.0-b32\hk2-utils-2.5.0-b32.jar;C:\Users\puppy\.m2\repository\org\glassfish\hk2\external\aopalliance-repackaged\2.5.0-b32\aopalliance-repackaged-2.5.0-b32.jar;C:\Users\puppy\.m2\repository\org\glassfish\hk2\external\javax.inject\2.5.0-b32\javax.inject-2.5.0-b32.jar;C:\Users\puppy\.m2\repository\org\glassfish\hk2\hk2-locator\2.5.0-b32\hk2-locator-2.5.0-b32.jar;C:\Users\puppy\.m2\repository\org\javassist\javassist\3.20.0-GA\javassist-3.20.0-GA.jar;C:\Users\puppy\.m2\repository\javax\validation\validation-api\1.1.0.Final\validation-api-1.1.0.Final.jar;C:\Users\puppy\.m2\repository\org\glassfish\jersey\containers\jersey-container-servlet-core\2.25.1\jersey-container-servlet-core-2.25.1.jar;C:\Users\puppy\.m2\repository\org\apache\hbase\hbase-procedure\2.0.0-alpha4\hbase-procedure-2.0.0-alpha4.jar;C:\Users\puppy\.m2\repository\org\apache\hbase\hbase-common\2.0.0-alpha4\hbase-common-2.0.0-alpha4-tests.jar;C:\Users\puppy\.m2\repository\org\apache\hbase\hbase-replication\2.0.0-alpha4\hbase-replication-2.0.0-alpha4.jar;C:\Users\puppy\.m2\repository\org\apache\hbase\hbase-prefix-tree\2.0.0-alpha4\hbase-prefix-tree-2.0.0-alpha4.jar;C:\Users\puppy\.m2\repository\org\apache\commons\commons-collections4\4.1\commons-collections4-4.1.jar;C:\Users\puppy\.m2\repository\org\glassfish\web\javax.servlet.jsp\2.3.2\javax.servlet.jsp-2.3.2.jar;C:\Users\puppy\.m2\repository\org\glassfish\javax.el\3.0.1-b12\javax.el-3.0.1-b12.jar;C:\Users\puppy\.m2\repository\javax\ws\rs\javax.ws.rs-api\2.0.1\javax.ws.rs-api-2.0.1.jar;C:\Users\puppy\.m2\repository\com\lmax\disruptor\3.3.6\disruptor-3.3.6.jar;C:\Users\puppy\.m2\repository\org\apache\hadoop\hadoop-distcp\2.7.1\hadoop-distcp-2.7.1.jar;C:\Users\puppy\.m2\repository\org\apache\hbase\hbase-mapreduce\2.0.0-alpha4\hbase-mapreduce-2.0.0-alpha4.jar;C:\Users\puppy\.m2\repository\org\apache\hbase\hbase-common\2.0.0-alpha4\hbase-common-2.0.0-alpha4.jar;C:\Users\puppy\.m2\repository\com\github\stephenc\findbugs\findbugs-annotations\1.3.9-1\findbugs-annotations-1.3.9-1.jar;C:\Users\puppy\.m2\repository\org\apache\hbase\hbase-hadoop-compat\2.0.0-alpha4\hbase-hadoop-compat-2.0.0-alpha4.jar;C:\Users\puppy\.m2\repository\javax\servlet\jsp\javax.servlet.jsp-api\2.3.1\javax.servlet.jsp-api-2.3.1.jar;C:\Users\puppy\.m2\repository\org\eclipse\jetty\jetty-runner\9.3.20.v20170531\jetty-runner-9.3.20.v20170531.jar;C:\Users\puppy\.m2\repository\org\eclipse\jetty\jetty-plus\9.3.20.v20170531\jetty-plus-9.3.20.v20170531.jar;C:\Users\puppy\.m2\repository\org\eclipse\jetty\jetty-annotations\9.3.20.v20170531\jetty-annotations-9.3.20.v20170531.jar;C:\Users\puppy\.m2\repository\javax\annotation\javax.annotation-api\1.2\javax.annotation-api-1.2.jar;C:\Users\puppy\.m2\repository\org\ow2\asm\asm\5.0.1\asm-5.0.1.jar;C:\Users\puppy\.m2\repository\org\ow2\asm\asm-commons\5.0.1\asm-commons-5.0.1.jar;C:\Users\puppy\.m2\repository\org\ow2\asm\asm-tree\5.0.1\asm-tree-5.0.1.jar;C:\Users\puppy\.m2\repository\org\eclipse\jetty\jetty-jaas\9.3.20.v20170531\jetty-jaas-9.3.20.v20170531.jar;C:\Users\puppy\.m2\repository\org\eclipse\jetty\websocket\websocket-server\9.3.20.v20170531\websocket-server-9.3.20.v20170531.jar;C:\Users\puppy\.m2\repository\org\eclipse\jetty\websocket\websocket-servlet\9.3.20.v20170531\websocket-servlet-9.3.20.v20170531.jar;C:\Users\puppy\.m2\repository\org\eclipse\jetty\jetty-jndi\9.3.20.v20170531\jetty-jndi-9.3.20.v20170531.jar;C:\Users\puppy\.m2\repository\org\eclipse\jetty\apache-jsp\9.3.20.v20170531\apache-jsp-9.3.20.v20170531.jar;C:\Users\puppy\.m2\repository\org\eclipse\jetty\toolchain\jetty-schemas\3.1\jetty-schemas-3.1.jar;C:\Users\puppy\.m2\repository\org\eclipse\jdt\core\compiler\ecj\4.4.2\ecj-4.4.2.jar;C:\Users\puppy\.m2\repository\org\eclipse\jetty\apache-jstl\9.3.20.v20170531\apache-jstl-9.3.20.v20170531.jar;C:\Users\puppy\.m2\repository\org\apache\taglibs\taglibs-standard-spec\1.2.5\taglibs-standard-spec-1.2.5.jar;C:\Users\puppy\.m2\repository\org\apache\taglibs\taglibs-standard-impl\1.2.5\taglibs-standard-impl-1.2.5.jar;C:\Users\puppy\.m2\repository\org\apache\thrift\libfb303\0.9.3\libfb303-0.9.3.jar;C:\Users\puppy\.m2\repository\org\apache\curator\curator-recipes\2.12.0\curator-recipes-2.12.0.jar;C:\Users\puppy\.m2\repository\org\jamon\jamon-runtime\2.3.1\jamon-runtime-2.3.1.jar;C:\Users\puppy\.m2\repository\org\apache\hive\hive-serde\3.1.2\hive-serde-3.1.2.jar;C:\Users\puppy\.m2\repository\com\google\code\findbugs\jsr305\3.0.0\jsr305-3.0.0.jar;C:\Users\puppy\.m2\repository\org\apache\arrow\arrow-vector\0.8.0\arrow-vector-0.8.0.jar;C:\Users\puppy\.m2\repository\org\apache\arrow\arrow-format\0.8.0\arrow-format-0.8.0.jar;C:\Users\puppy\.m2\repository\org\apache\arrow\arrow-memory\0.8.0\arrow-memory-0.8.0.jar;C:\Users\puppy\.m2\repository\io\netty\netty-buffer\4.1.17.Final\netty-buffer-4.1.17.Final.jar;C:\Users\puppy\.m2\repository\io\netty\netty-common\4.1.17.Final\netty-common-4.1.17.Final.jar;C:\Users\puppy\.m2\repository\com\carrotsearch\hppc\0.7.2\hppc-0.7.2.jar;C:\Users\puppy\.m2\repository\com\vlkan\flatbuffers\1.2.0-3f79e055\flatbuffers-1.2.0-3f79e055.jar;C:\Users\puppy\.m2\repository\net\sf\opencsv\opencsv\2.3\opencsv-2.3.jar;C:\Users\puppy\.m2\repository\org\apache\parquet\parquet-hadoop-bundle\1.10.0\parquet-hadoop-bundle-1.10.0.jar;C:\Users\puppy\.m2\repository\org\apache\hive\hive-metastore\3.1.2\hive-metastore-3.1.2.jar;C:\Users\puppy\.m2\repository\org\apache\hive\hive-standalone-metastore\3.1.2\hive-standalone-metastore-3.1.2.jar;C:\Users\puppy\.m2\repository\org\datanucleus\datanucleus-api-jdo\4.2.4\datanucleus-api-jdo-4.2.4.jar;C:\Users\puppy\.m2\repository\org\datanucleus\datanucleus-core\4.1.17\datanucleus-core-4.1.17.jar;C:\Users\puppy\.m2\repository\org\datanucleus\datanucleus-rdbms\4.1.19\datanucleus-rdbms-4.1.19.jar;C:\Users\puppy\.m2\repository\org\datanucleus\javax.jdo\3.2.0-m3\javax.jdo-3.2.0-m3.jar;C:\Users\puppy\.m2\repository\javax\transaction\transaction-api\1.1\transaction-api-1.1.jar;C:\Users\puppy\.m2\repository\sqlline\sqlline\1.3.0\sqlline-1.3.0.jar;C:\Users\puppy\.m2\repository\org\apache\hbase\hbase-client\2.0.0-alpha4\hbase-client-2.0.0-alpha4.jar;C:\Users\puppy\.m2\repository\org\apache\hbase\thirdparty\hbase-shaded-protobuf\1.0.1\hbase-shaded-protobuf-1.0.1.jar;C:\Users\puppy\.m2\repository\org\apache\hbase\hbase-protocol-shaded\2.0.0-alpha4\hbase-protocol-shaded-2.0.0-alpha4.jar;C:\Users\puppy\.m2\repository\org\apache\hbase\hbase-protocol\2.0.0-alpha4\hbase-protocol-2.0.0-alpha4.jar;C:\Users\puppy\.m2\repository\junit\junit\4.12\junit-4.12.jar;C:\Users\puppy\.m2\repository\org\hamcrest\hamcrest-core\1.3\hamcrest-core-1.3.jar;C:\Users\puppy\.m2\repository\org\apache\hbase\thirdparty\hbase-shaded-miscellaneous\1.0.1\hbase-shaded-miscellaneous-1.0.1.jar;C:\Users\puppy\.m2\repository\org\apache\hbase\thirdparty\hbase-shaded-netty\1.0.1\hbase-shaded-netty-1.0.1.jar;C:\Users\puppy\.m2\repository\org\apache\htrace\htrace-core\3.2.0-incubating\htrace-core-3.2.0-incubating.jar;C:\Users\puppy\.m2\repository\org\jruby\jcodings\jcodings\1.0.18\jcodings-1.0.18.jar;C:\Users\puppy\.m2\repository\org\jruby\joni\joni\2.1.11\joni-2.1.11.jar;C:\Users\puppy\.m2\repository\org\apache\commons\commons-crypto\1.0.0\commons-crypto-1.0.0.jar;C:\Users\puppy\.m2\repository\org\apache\yetus\audience-annotations\0.5.0\audience-annotations-0.5.0.jar;C:\Users\puppy\.m2\repository\com\jolbox\bonecp\0.8.0.RELEASE\bonecp-0.8.0.RELEASE.jar;C:\Users\puppy\.m2\repository\com\zaxxer\HikariCP\2.6.1\HikariCP-2.6.1.jar;C:\Users\puppy\.m2\repository\org\apache\derby\derby\10.14.1.0\derby-10.14.1.0.jar;C:\Users\puppy\.m2\repository\commons-pool\commons-pool\1.5.4\commons-pool-1.5.4.jar;C:\Users\puppy\.m2\repository\commons-dbcp\commons-dbcp\1.4\commons-dbcp-1.4.jar;C:\Users\puppy\.m2\repository\javax\jdo\jdo-api\3.0.1\jdo-api-3.0.1.jar;C:\Users\puppy\.m2\repository\javax\transaction\jta\1.1\jta-1.1.jar;C:\Users\puppy\.m2\repository\org\antlr\antlr-runtime\3.5.2\antlr-runtime-3.5.2.jar;C:\Users\puppy\.m2\repository\co\cask\tephra\tephra-api\0.6.0\tephra-api-0.6.0.jar;C:\Users\puppy\.m2\repository\co\cask\tephra\tephra-core\0.6.0\tephra-core-0.6.0.jar;C:\Users\puppy\.m2\repository\com\google\inject\extensions\guice-assistedinject\3.0\guice-assistedinject-3.0.jar;C:\Users\puppy\.m2\repository\it\unimi\dsi\fastutil\6.5.6\fastutil-6.5.6.jar;C:\Users\puppy\.m2\repository\org\apache\twill\twill-common\0.6.0-incubating\twill-common-0.6.0-incubating.jar;C:\Users\puppy\.m2\repository\org\apache\twill\twill-core\0.6.0-incubating\twill-core-0.6.0-incubating.jar;C:\Users\puppy\.m2\repository\org\apache\twill\twill-api\0.6.0-incubating\twill-api-0.6.0-incubating.jar;C:\Users\puppy\.m2\repository\org\apache\twill\twill-discovery-api\0.6.0-incubating\twill-discovery-api-0.6.0-incubating.jar;C:\Users\puppy\.m2\repository\org\apache\twill\twill-discovery-core\0.6.0-incubating\twill-discovery-core-0.6.0-incubating.jar;C:\Users\puppy\.m2\repository\org\apache\twill\twill-zookeeper\0.6.0-incubating\twill-zookeeper-0.6.0-incubating.jar;C:\Users\puppy\.m2\repository\co\cask\tephra\tephra-hbase-compat-1.0\0.6.0\tephra-hbase-compat-1.0-0.6.0.jar;C:\Users\puppy\.m2\repository\org\apache\hive\hive-shims\3.1.2\hive-shims-3.1.2.jar;C:\Users\puppy\.m2\repository\org\apache\hive\shims\hive-shims-common\3.1.2\hive-shims-common-3.1.2.jar;C:\Users\puppy\.m2\repository\org\apache\hive\shims\hive-shims-0.23\3.1.2\hive-shims-0.23-3.1.2.jar;C:\Users\puppy\.m2\repository\org\apache\hadoop\hadoop-yarn-server-resourcemanager\3.1.0\hadoop-yarn-server-resourcemanager-3.1.0.jar;C:\Users\puppy\.m2\repository\org\apache\hadoop\hadoop-yarn-server-common\3.1.0\hadoop-yarn-server-common-3.1.0.jar;C:\Users\puppy\.m2\repository\org\apache\hadoop\hadoop-yarn-registry\3.1.0\hadoop-yarn-registry-3.1.0.jar;C:\Users\puppy\.m2\repository\org\apache\geronimo\specs\geronimo-jcache_1.0_spec\1.0-alpha-1\geronimo-jcache_1.0_spec-1.0-alpha-1.jar;C:\Users\puppy\.m2\repository\org\ehcache\ehcache\3.3.1\ehcache-3.3.1.jar;C:\Users\puppy\.m2\repository\com\zaxxer\HikariCP-java7\2.4.12\HikariCP-java7-2.4.12.jar;C:\Users\puppy\.m2\repository\com\microsoft\sqlserver\mssql-jdbc\6.2.1.jre7\mssql-jdbc-6.2.1.jre7.jar;C:\Users\puppy\.m2\repository\org\apache\hadoop\hadoop-yarn-server-applicationhistoryservice\3.1.0\hadoop-yarn-server-applicationhistoryservice-3.1.0.jar;C:\Users\puppy\.m2\repository\de\ruedigermoeller\fst\2.50\fst-2.50.jar;C:\Users\puppy\.m2\repository\com\cedarsoftware\java-util\1.9.0\java-util-1.9.0.jar;C:\Users\puppy\.m2\repository\com\cedarsoftware\json-io\2.5.1\json-io-2.5.1.jar;C:\Users\puppy\.m2\repository\org\apache\hadoop\hadoop-yarn-server-web-proxy\3.1.0\hadoop-yarn-server-web-proxy-3.1.0.jar;C:\Users\puppy\.m2\repository\org\apache\hive\shims\hive-shims-scheduler\3.1.2\hive-shims-scheduler-3.1.2.jar;C:\Users\puppy\.m2\repository\org\apache\hive\hive-service-rpc\3.1.2\hive-service-rpc-3.1.2.jar;C:\Users\puppy\.m2\repository\org\apache\httpcomponents\httpclient\4.5.2\httpclient-4.5.2.jar;C:\Users\puppy\.m2\repository\org\apache\httpcomponents\httpcore\4.4.4\httpcore-4.4.4.jar;C:\Users\puppy\.m2\repository\org\apache\thrift\libthrift\0.9.3\libthrift-0.9.3.jar;C:\Users\puppy\.m2\repository\org\apache\zookeeper\zookeeper\3.4.6\zookeeper-3.4.6.jar;C:\Users\puppy\.m2\repository\org\apache\curator\curator-framework\2.12.0\curator-framework-2.12.0.jar;C:\Users\puppy\.m2\repository\org\apache\curator\curator-client\2.12.0\curator-client-2.12.0.jar;C:\Users\puppy\.m2\repository\org\slf4j\slf4j-api\1.7.10\slf4j-api-1.7.10.jar;C:\Users\puppy\.m2\repository\org\apache\hive\hive-upgrade-acid\3.1.2\hive-upgrade-acid-3.1.2.jar;C:\Users\puppy\.m2\repository\com\alibaba\druid\1.1.23\druid-1.1.23.jar;C:\Users\puppy\.m2\repository\org\apache\hadoop\hadoop-mapreduce-client-core\3.3.0\hadoop-mapreduce-client-core-3.3.0.jar;C:\Users\puppy\.m2\repository\org\apache\hadoop\hadoop-yarn-client\3.3.0\hadoop-yarn-client-3.3.0.jar;C:\Users\puppy\.m2\repository\org\eclipse\jetty\websocket\websocket-client\9.4.20.v20190813\websocket-client-9.4.20.v20190813.jar;C:\Users\puppy\.m2\repository\org\eclipse\jetty\websocket\websocket-common\9.4.20.v20190813\websocket-common-9.4.20.v20190813.jar;C:\Users\puppy\.m2\repository\org\eclipse\jetty\websocket\websocket-api\9.4.20.v20190813\websocket-api-9.4.20.v20190813.jar;C:\Users\puppy\.m2\repository\org\jline\jline\3.9.0\jline-3.9.0.jar;C:\Users\puppy\.m2\repository\org\apache\hadoop\hadoop-yarn-common\3.3.0\hadoop-yarn-common-3.3.0.jar;C:\Users\puppy\.m2\repository\org\apache\hadoop\hadoop-auth\3.3.0\hadoop-auth-3.3.0.jar;C:\Users\puppy\.m2\repository\com\nimbusds\nimbus-jose-jwt\7.9\nimbus-jose-jwt-7.9.jar;C:\Users\puppy\.m2\repository\com\github\stephenc\jcip\jcip-annotations\1.0-1\jcip-annotations-1.0-1.jar;C:\Users\puppy\.m2\repository\net\minidev\json-smart\2.3\json-smart-2.3.jar;C:\Users\puppy\.m2\repository\net\minidev\accessors-smart\1.2\accessors-smart-1.2.jar;C:\Users\puppy\.m2\repository\org\apache\kerby\kerb-simplekdc\1.0.1\kerb-simplekdc-1.0.1.jar;C:\Users\puppy\.m2\repository\org\apache\kerby\kerb-client\1.0.1\kerb-client-1.0.1.jar;C:\Users\puppy\.m2\repository\org\apache\kerby\kerby-config\1.0.1\kerby-config-1.0.1.jar;C:\Users\puppy\.m2\repository\org\apache\kerby\kerb-common\1.0.1\kerb-common-1.0.1.jar;C:\Users\puppy\.m2\repository\org\apache\kerby\kerb-crypto\1.0.1\kerb-crypto-1.0.1.jar;C:\Users\puppy\.m2\repository\org\apache\kerby\kerb-util\1.0.1\kerb-util-1.0.1.jar;C:\Users\puppy\.m2\repository\org\apache\kerby\token-provider\1.0.1\token-provider-1.0.1.jar;C:\Users\puppy\.m2\repository\org\apache\kerby\kerb-admin\1.0.1\kerb-admin-1.0.1.jar;C:\Users\puppy\.m2\repository\org\apache\kerby\kerb-server\1.0.1\kerb-server-1.0.1.jar;C:\Users\puppy\.m2\repository\org\apache\kerby\kerb-identity\1.0.1\kerb-identity-1.0.1.jar;C:\Users\puppy\.m2\repository\org\apache\kerby\kerby-xdr\1.0.1\kerby-xdr-1.0.1.jar;C:\Users\puppy\.m2\repository\javax\xml\bind\jaxb-api\2.2.11\jaxb-api-2.2.11.jar;C:\Users\puppy\.m2\repository\com\sun\jersey\jersey-client\1.19\jersey-client-1.19.jar;C:\Users\puppy\.m2\repository\com\google\inject\guice\4.0\guice-4.0.jar;C:\Users\puppy\.m2\repository\javax\inject\javax.inject\1\javax.inject-1.jar;C:\Users\puppy\.m2\repository\aopalliance\aopalliance\1.0\aopalliance-1.0.jar;C:\Users\puppy\.m2\repository\com\sun\jersey\jersey-json\1.19\jersey-json-1.19.jar;C:\Users\puppy\.m2\repository\com\sun\xml\bind\jaxb-impl\2.2.3-1\jaxb-impl-2.2.3-1.jar;C:\Users\puppy\.m2\repository\org\codehaus\jackson\jackson-jaxrs\1.9.2\jackson-jaxrs-1.9.2.jar;C:\Users\puppy\.m2\repository\org\codehaus\jackson\jackson-xc\1.9.2\jackson-xc-1.9.2.jar;C:\Users\puppy\.m2\repository\com\sun\jersey\contribs\jersey-guice\1.19\jersey-guice-1.19.jar;C:\Users\puppy\.m2\repository\com\fasterxml\jackson\core\jackson-core\2.10.3\jackson-core-2.10.3.jar;C:\Users\puppy\.m2\repository\com\fasterxml\jackson\module\jackson-module-jaxb-annotations\2.10.3\jackson-module-jaxb-annotations-2.10.3.jar;C:\Users\puppy\.m2\repository\jakarta\xml\bind\jakarta.xml.bind-api\2.3.2\jakarta.xml.bind-api-2.3.2.jar;C:\Users\puppy\.m2\repository\jakarta\activation\jakarta.activation-api\1.2.1\jakarta.activation-api-1.2.1.jar;C:\Users\puppy\.m2\repository\com\fasterxml\jackson\jaxrs\jackson-jaxrs-json-provider\2.10.3\jackson-jaxrs-json-provider-2.10.3.jar;C:\Users\puppy\.m2\repository\com\fasterxml\jackson\jaxrs\jackson-jaxrs-base\2.10.3\jackson-jaxrs-base-2.10.3.jar;C:\Users\puppy\.m2\repository\org\apache\hadoop\hadoop-hdfs-client\3.3.0\hadoop-hdfs-client-3.3.0.jar;C:\Users\puppy\.m2\repository\com\squareup\okhttp\okhttp\2.7.5\okhttp-2.7.5.jar;C:\Users\puppy\.m2\repository\com\squareup\okio\okio\1.6.0\okio-1.6.0.jar;C:\Users\puppy\.m2\repository\com\fasterxml\jackson\core\jackson-annotations\2.10.3\jackson-annotations-2.10.3.jar;C:\Users\puppy\.m2\repository\com\fasterxml\jackson\core\jackson-databind\2.10.3\jackson-databind-2.10.3.jar;C:\Users\puppy\.m2\repository\com\google\protobuf\protobuf-java\2.5.0\protobuf-java-2.5.0.jar;C:\Users\puppy\.m2\repository\org\apache\avro\avro\1.7.7\avro-1.7.7.jar;C:\Users\puppy\.m2\repository\org\codehaus\jackson\jackson-core-asl\1.9.13\jackson-core-asl-1.9.13.jar;C:\Users\puppy\.m2\repository\org\codehaus\jackson\jackson-mapper-asl\1.9.13\jackson-mapper-asl-1.9.13.jar;C:\Users\puppy\.m2\repository\com\thoughtworks\paranamer\paranamer\2.3\paranamer-2.3.jar;C:\Users\puppy\.m2\repository\org\xerial\snappy\snappy-java\1.0.5\snappy-java-1.0.5.jar;C:\Users\puppy\.m2\repository\org\apache\hadoop\hadoop-annotations\3.3.0\hadoop-annotations-3.3.0.jar;D:\Program Files\Java\jdk1.8.0_261\jre\..\lib\tools.jar;C:\Users\puppy\.m2\repository\com\google\inject\extensions\guice-servlet\4.0\guice-servlet-4.0.jar;C:\Users\puppy\.m2\repository\io\netty\netty\3.10.6.Final\netty-3.10.6.Final.jar;C:\Users\puppy\.m2\repository\org\apache\hadoop\hadoop-client\3.3.0\hadoop-client-3.3.0.jar;C:\Users\puppy\.m2\repository\org\apache\hadoop\hadoop-common\3.3.0\hadoop-common-3.3.0.jar;C:\Users\puppy\.m2\repository\org\apache\hadoop\thirdparty\hadoop-shaded-protobuf_3_7\1.0.0\hadoop-shaded-protobuf_3_7-1.0.0.jar;C:\Users\puppy\.m2\repository\org\apache\commons\commons-math3\3.1.1\commons-math3-3.1.1.jar;C:\Users\puppy\.m2\repository\commons-net\commons-net\3.6\commons-net-3.6.jar;C:\Users\puppy\.m2\repository\commons-collections\commons-collections\3.2.2\commons-collections-3.2.2.jar;C:\Users\puppy\.m2\repository\javax\activation\javax.activation-api\1.2.0\javax.activation-api-1.2.0.jar;C:\Users\puppy\.m2\repository\javax\servlet\jsp\jsp-api\2.1\jsp-api-2.1.jar;C:\Users\puppy\.m2\repository\com\sun\jersey\jersey-servlet\1.19\jersey-servlet-1.19.jar;C:\Users\puppy\.m2\repository\commons-beanutils\commons-beanutils\1.9.4\commons-beanutils-1.9.4.jar;C:\Users\puppy\.m2\repository\org\apache\commons\commons-configuration2\2.1.1\commons-configuration2-2.1.1.jar;C:\Users\puppy\.m2\repository\org\apache\commons\commons-text\1.4\commons-text-1.4.jar;C:\Users\puppy\.m2\repository\com\google\re2j\re2j\1.1\re2j-1.1.jar;C:\Users\puppy\.m2\repository\com\google\code\gson\gson\2.2.4\gson-2.2.4.jar;C:\Users\puppy\.m2\repository\org\apache\kerby\kerb-core\1.0.1\kerb-core-1.0.1.jar;C:\Users\puppy\.m2\repository\org\apache\kerby\kerby-pkix\1.0.1\kerby-pkix-1.0.1.jar;C:\Users\puppy\.m2\repository\org\apache\kerby\kerby-asn1\1.0.1\kerby-asn1-1.0.1.jar;C:\Users\puppy\.m2\repository\org\apache\kerby\kerby-util\1.0.1\kerby-util-1.0.1.jar;C:\Users\puppy\.m2\repository\org\codehaus\woodstox\stax2-api\3.1.4\stax2-api-3.1.4.jar;C:\Users\puppy\.m2\repository\com\fasterxml\woodstox\woodstox-core\5.0.3\woodstox-core-5.0.3.jar;C:\Users\puppy\.m2\repository\dnsjava\dnsjava\2.1.7\dnsjava-2.1.7.jar;C:\Users\puppy\.m2\repository\org\apache\hadoop\hadoop-yarn-api\3.3.0\hadoop-yarn-api-3.3.0.jar;C:\Users\puppy\.m2\repository\org\apache\hadoop\hadoop-mapreduce-client-jobclient\3.3.0\hadoop-mapreduce-client-jobclient-3.3.0.jar;C:\Users\puppy\.m2\repository\org\apache\hadoop\hadoop-mapreduce-client-common\3.3.0\hadoop-mapreduce-client-common-3.3.0.jar;C:\Users\puppy\.m2\repository\ch\qos\logback\logback-core\1.2.3\logback-core-1.2.3.jar;C:\Users\puppy\.m2\repository\ch\qos\logback\logback-classic\1.2.3\logback-classic-1.2.3.jar;C:\Users\puppy\.m2\repository\org\slf4j\jcl-over-slf4j\1.7.30\jcl-over-slf4j-1.7.30.jar;C:\Users\puppy\.m2\repository\org\slf4j\log4j-over-slf4j\1.7.30\log4j-over-slf4j-1.7.30.jar;C:\Users\puppy\.m2\repository\org\apache\hadoop\hadoop-hdfs\3.3.0\hadoop-hdfs-3.3.0.jar;C:\Users\puppy\.m2\repository\com\google\guava\guava\27.0-jre\guava-27.0-jre.jar;C:\Users\puppy\.m2\repository\com\google\guava\failureaccess\1.0\failureaccess-1.0.jar;C:\Users\puppy\.m2\repository\com\google\guava\listenablefuture\9999.0-empty-to-avoid-conflict-with-guava\listenablefuture-9999.0-empty-to-avoid-conflict-with-guava.jar;C:\Users\puppy\.m2\repository\org\checkerframework\checker-qual\2.5.2\checker-qual-2.5.2.jar;C:\Users\puppy\.m2\repository\com\google\j2objc\j2objc-annotations\1.1\j2objc-annotations-1.1.jar;C:\Users\puppy\.m2\repository\org\codehaus\mojo\animal-sniffer-annotations\1.17\animal-sniffer-annotations-1.17.jar;C:\Users\puppy\.m2\repository\org\eclipse\jetty\jetty-server\9.4.20.v20190813\jetty-server-9.4.20.v20190813.jar;C:\Users\puppy\.m2\repository\org\eclipse\jetty\jetty-io\9.4.20.v20190813\jetty-io-9.4.20.v20190813.jar;C:\Users\puppy\.m2\repository\org\eclipse\jetty\jetty-util\9.4.20.v20190813\jetty-util-9.4.20.v20190813.jar;C:\Users\puppy\.m2\repository\org\eclipse\jetty\jetty-util-ajax\9.4.20.v20190813\jetty-util-ajax-9.4.20.v20190813.jar;C:\Users\puppy\.m2\repository\com\sun\jersey\jersey-core\1.19\jersey-core-1.19.jar;C:\Users\puppy\.m2\repository\javax\ws\rs\jsr311-api\1.1.1\jsr311-api-1.1.1.jar;C:\Users\puppy\.m2\repository\com\sun\jersey\jersey-server\1.19\jersey-server-1.19.jar;C:\Users\puppy\.m2\repository\commons-cli\commons-cli\1.2\commons-cli-1.2.jar;C:\Users\puppy\.m2\repository\commons-codec\commons-codec\1.11\commons-codec-1.11.jar;C:\Users\puppy\.m2\repository\commons-io\commons-io\2.5\commons-io-2.5.jar;C:\Users\puppy\.m2\repository\commons-daemon\commons-daemon\1.0.13\commons-daemon-1.0.13.jar;C:\Users\puppy\.m2\repository\log4j\log4j\1.2.17\log4j-1.2.17.jar;C:\Users\puppy\.m2\repository\javax\servlet\javax.servlet-api\3.1.0\javax.servlet-api-3.1.0.jar;C:\Users\puppy\.m2\repository\io\netty\netty-all\4.1.50.Final\netty-all-4.1.50.Final.jar;C:\Users\puppy\.m2\repository\org\apache\htrace\htrace-core4\4.1.0-incubating\htrace-core4-4.1.0-incubating.jar;C:\Users\puppy\.m2\repository\org\fusesource\leveldbjni\leveldbjni-all\1.8\leveldbjni-all-1.8.jar;C:\Users\puppy\.m2\repository\org\junit\jupiter\junit-jupiter\5.6.2\junit-jupiter-5.6.2.jar;C:\Users\puppy\.m2\repository\org\junit\jupiter\junit-jupiter-api\5.6.2\junit-jupiter-api-5.6.2.jar;C:\Users\puppy\.m2\repository\org\apiguardian\apiguardian-api\1.1.0\apiguardian-api-1.1.0.jar;C:\Users\puppy\.m2\repository\org\opentest4j\opentest4j\1.2.0\opentest4j-1.2.0.jar;C:\Users\puppy\.m2\repository\org\junit\platform\junit-platform-commons\1.6.2\junit-platform-commons-1.6.2.jar;C:\Users\puppy\.m2\repository\org\junit\jupiter\junit-jupiter-params\5.6.2\junit-jupiter-params-5.6.2.jar;C:\Users\puppy\.m2\repository\org\junit\jupiter\junit-jupiter-engine\5.6.2\junit-jupiter-engine-5.6.2.jar;C:\Users\puppy\.m2\repository\org\junit\platform\junit-platform-engine\1.6.2\junit-platform-engine-1.6.2.jar;"/>
    <property name="java.vm.vendor" value="Oracle Corporation"/>
    <property name="sun.arch.data.model" value="64"/>
    <property name="user.variant" value=""/>
    <property name="java.vendor.url" value="http://java.oracle.com/"/>
    <property name="user.timezone" value="Asia/Shanghai"/>
    <property name="java.vm.specification.version" value="1.8"/>
    <property name="os.name" value="Windows 10"/>
    <property name="user.country" value="CN"/>
    <property name="sun.java.launcher" value="SUN_STANDARD"/>
    <property name="sun.boot.library.path" value="D:\Program Files\Java\jdk1.8.0_261\jre\bin"/>
    <property name="sun.java.command" value="C:\Users\puppy\AppData\Local\Temp\surefire3671248383376720621\surefirebooter244810479112415854.jar C:\Users\puppy\AppData\Local\Temp\surefire3671248383376720621 2021-03-15T15-25-32_669-jvmRun1 surefire3750874575126670335tmp surefire_02276407289886518276tmp"/>
    <property name="surefire.test.class.path" value="D:\Workspace\flink-walkthrough-datastream-java\hadoop-module\target\test-classes;D:\Workspace\flink-walkthrough-datastream-java\hadoop-module\target\classes;C:\Users\puppy\.m2\repository\org\apache\hive\hive-jdbc\3.1.2\hive-jdbc-3.1.2.jar;C:\Users\puppy\.m2\repository\org\apache\hive\hive-common\3.1.2\hive-common-3.1.2.jar;C:\Users\puppy\.m2\repository\org\apache\hive\hive-classification\3.1.2\hive-classification-3.1.2.jar;C:\Users\puppy\.m2\repository\org\apache\hive\hive-storage-api\2.7.0\hive-storage-api-2.7.0.jar;C:\Users\puppy\.m2\repository\commons-lang\commons-lang\2.6\commons-lang-2.6.jar;C:\Users\puppy\.m2\repository\org\apache\commons\commons-lang3\3.2\commons-lang3-3.2.jar;C:\Users\puppy\.m2\repository\org\apache\orc\orc-core\1.5.6\orc-core-1.5.6.jar;C:\Users\puppy\.m2\repository\org\apache\orc\orc-shims\1.5.6\orc-shims-1.5.6.jar;C:\Users\puppy\.m2\repository\io\airlift\aircompressor\0.10\aircompressor-0.10.jar;C:\Users\puppy\.m2\repository\jline\jline\2.12\jline-2.12.jar;C:\Users\puppy\.m2\repository\org\eclipse\jetty\jetty-http\9.3.20.v20170531\jetty-http-9.3.20.v20170531.jar;C:\Users\puppy\.m2\repository\org\eclipse\jetty\jetty-rewrite\9.3.20.v20170531\jetty-rewrite-9.3.20.v20170531.jar;C:\Users\puppy\.m2\repository\org\eclipse\jetty\jetty-client\9.3.20.v20170531\jetty-client-9.3.20.v20170531.jar;C:\Users\puppy\.m2\repository\org\eclipse\jetty\jetty-servlet\9.3.20.v20170531\jetty-servlet-9.3.20.v20170531.jar;C:\Users\puppy\.m2\repository\org\eclipse\jetty\jetty-security\9.3.20.v20170531\jetty-security-9.3.20.v20170531.jar;C:\Users\puppy\.m2\repository\org\eclipse\jetty\jetty-webapp\9.3.20.v20170531\jetty-webapp-9.3.20.v20170531.jar;C:\Users\puppy\.m2\repository\org\eclipse\jetty\jetty-xml\9.3.20.v20170531\jetty-xml-9.3.20.v20170531.jar;C:\Users\puppy\.m2\repository\joda-time\joda-time\2.9.9\joda-time-2.9.9.jar;C:\Users\puppy\.m2\repository\org\apache\logging\log4j\log4j-web\2.10.0\log4j-web-2.10.0.jar;C:\Users\puppy\.m2\repository\org\apache\logging\log4j\log4j-api\2.10.0\log4j-api-2.10.0.jar;C:\Users\puppy\.m2\repository\org\apache\logging\log4j\log4j-core\2.10.0\log4j-core-2.10.0.jar;C:\Users\puppy\.m2\repository\org\apache\commons\commons-compress\1.9\commons-compress-1.9.jar;C:\Users\puppy\.m2\repository\org\apache\ant\ant\1.9.1\ant-1.9.1.jar;C:\Users\puppy\.m2\repository\org\apache\ant\ant-launcher\1.9.1\ant-launcher-1.9.1.jar;C:\Users\puppy\.m2\repository\net\sf\jpam\jpam\1.1\jpam-1.1.jar;C:\Users\puppy\.m2\repository\com\tdunning\json\1.8\json-1.8.jar;C:\Users\puppy\.m2\repository\io\dropwizard\metrics\metrics-core\3.1.0\metrics-core-3.1.0.jar;C:\Users\puppy\.m2\repository\io\dropwizard\metrics\metrics-jvm\3.1.0\metrics-jvm-3.1.0.jar;C:\Users\puppy\.m2\repository\io\dropwizard\metrics\metrics-json\3.1.0\metrics-json-3.1.0.jar;C:\Users\puppy\.m2\repository\com\github\joshelser\dropwizard-metrics-hadoop-metrics2-reporter\0.1.2\dropwizard-metrics-hadoop-metrics2-reporter-0.1.2.jar;C:\Users\puppy\.m2\repository\javolution\javolution\5.5.1\javolution-5.5.1.jar;C:\Users\puppy\.m2\repository\org\apache\hive\hive-service\3.1.2\hive-service-3.1.2.jar;C:\Users\puppy\.m2\repository\org\apache\hive\hive-llap-server\3.1.2\hive-llap-server-3.1.2.jar;C:\Users\puppy\.m2\repository\org\apache\hive\hive-llap-common\3.1.2\hive-llap-common-3.1.2.jar;C:\Users\puppy\.m2\repository\org\apache\hive\hive-llap-client\3.1.2\hive-llap-client-3.1.2.jar;C:\Users\puppy\.m2\repository\org\apache\hive\hive-llap-tez\3.1.2\hive-llap-tez-3.1.2.jar;C:\Users\puppy\.m2\repository\org\codehaus\jettison\jettison\1.1\jettison-1.1.jar;C:\Users\puppy\.m2\repository\org\apache\hive\hive-llap-common\3.1.2\hive-llap-common-3.1.2-tests.jar;C:\Users\puppy\.m2\repository\org\apache\hbase\hbase-hadoop2-compat\2.0.0-alpha4\hbase-hadoop2-compat-2.0.0-alpha4.jar;C:\Users\puppy\.m2\repository\org\apache\hbase\hbase-metrics\2.0.0-alpha4\hbase-metrics-2.0.0-alpha4.jar;C:\Users\puppy\.m2\repository\org\apache\hbase\hbase-metrics-api\2.0.0-alpha4\hbase-metrics-api-2.0.0-alpha4.jar;C:\Users\puppy\.m2\repository\org\apache\hbase\hbase-server\2.0.0-alpha4\hbase-server-2.0.0-alpha4.jar;C:\Users\puppy\.m2\repository\org\apache\hbase\hbase-http\2.0.0-alpha4\hbase-http-2.0.0-alpha4.jar;C:\Users\puppy\.m2\repository\org\glassfish\jersey\core\jersey-server\2.25.1\jersey-server-2.25.1.jar;C:\Users\puppy\.m2\repository\org\glassfish\jersey\core\jersey-common\2.25.1\jersey-common-2.25.1.jar;C:\Users\puppy\.m2\repository\org\glassfish\jersey\bundles\repackaged\jersey-guava\2.25.1\jersey-guava-2.25.1.jar;C:\Users\puppy\.m2\repository\org\glassfish\hk2\osgi-resource-locator\1.0.1\osgi-resource-locator-1.0.1.jar;C:\Users\puppy\.m2\repository\org\glassfish\jersey\core\jersey-client\2.25.1\jersey-client-2.25.1.jar;C:\Users\puppy\.m2\repository\org\glassfish\jersey\media\jersey-media-jaxb\2.25.1\jersey-media-jaxb-2.25.1.jar;C:\Users\puppy\.m2\repository\org\glassfish\hk2\hk2-api\2.5.0-b32\hk2-api-2.5.0-b32.jar;C:\Users\puppy\.m2\repository\org\glassfish\hk2\hk2-utils\2.5.0-b32\hk2-utils-2.5.0-b32.jar;C:\Users\puppy\.m2\repository\org\glassfish\hk2\external\aopalliance-repackaged\2.5.0-b32\aopalliance-repackaged-2.5.0-b32.jar;C:\Users\puppy\.m2\repository\org\glassfish\hk2\external\javax.inject\2.5.0-b32\javax.inject-2.5.0-b32.jar;C:\Users\puppy\.m2\repository\org\glassfish\hk2\hk2-locator\2.5.0-b32\hk2-locator-2.5.0-b32.jar;C:\Users\puppy\.m2\repository\org\javassist\javassist\3.20.0-GA\javassist-3.20.0-GA.jar;C:\Users\puppy\.m2\repository\javax\validation\validation-api\1.1.0.Final\validation-api-1.1.0.Final.jar;C:\Users\puppy\.m2\repository\org\glassfish\jersey\containers\jersey-container-servlet-core\2.25.1\jersey-container-servlet-core-2.25.1.jar;C:\Users\puppy\.m2\repository\org\apache\hbase\hbase-procedure\2.0.0-alpha4\hbase-procedure-2.0.0-alpha4.jar;C:\Users\puppy\.m2\repository\org\apache\hbase\hbase-common\2.0.0-alpha4\hbase-common-2.0.0-alpha4-tests.jar;C:\Users\puppy\.m2\repository\org\apache\hbase\hbase-replication\2.0.0-alpha4\hbase-replication-2.0.0-alpha4.jar;C:\Users\puppy\.m2\repository\org\apache\hbase\hbase-prefix-tree\2.0.0-alpha4\hbase-prefix-tree-2.0.0-alpha4.jar;C:\Users\puppy\.m2\repository\org\apache\commons\commons-collections4\4.1\commons-collections4-4.1.jar;C:\Users\puppy\.m2\repository\org\glassfish\web\javax.servlet.jsp\2.3.2\javax.servlet.jsp-2.3.2.jar;C:\Users\puppy\.m2\repository\org\glassfish\javax.el\3.0.1-b12\javax.el-3.0.1-b12.jar;C:\Users\puppy\.m2\repository\javax\ws\rs\javax.ws.rs-api\2.0.1\javax.ws.rs-api-2.0.1.jar;C:\Users\puppy\.m2\repository\com\lmax\disruptor\3.3.6\disruptor-3.3.6.jar;C:\Users\puppy\.m2\repository\org\apache\hadoop\hadoop-distcp\2.7.1\hadoop-distcp-2.7.1.jar;C:\Users\puppy\.m2\repository\org\apache\hbase\hbase-mapreduce\2.0.0-alpha4\hbase-mapreduce-2.0.0-alpha4.jar;C:\Users\puppy\.m2\repository\org\apache\hbase\hbase-common\2.0.0-alpha4\hbase-common-2.0.0-alpha4.jar;C:\Users\puppy\.m2\repository\com\github\stephenc\findbugs\findbugs-annotations\1.3.9-1\findbugs-annotations-1.3.9-1.jar;C:\Users\puppy\.m2\repository\org\apache\hbase\hbase-hadoop-compat\2.0.0-alpha4\hbase-hadoop-compat-2.0.0-alpha4.jar;C:\Users\puppy\.m2\repository\javax\servlet\jsp\javax.servlet.jsp-api\2.3.1\javax.servlet.jsp-api-2.3.1.jar;C:\Users\puppy\.m2\repository\org\eclipse\jetty\jetty-runner\9.3.20.v20170531\jetty-runner-9.3.20.v20170531.jar;C:\Users\puppy\.m2\repository\org\eclipse\jetty\jetty-plus\9.3.20.v20170531\jetty-plus-9.3.20.v20170531.jar;C:\Users\puppy\.m2\repository\org\eclipse\jetty\jetty-annotations\9.3.20.v20170531\jetty-annotations-9.3.20.v20170531.jar;C:\Users\puppy\.m2\repository\javax\annotation\javax.annotation-api\1.2\javax.annotation-api-1.2.jar;C:\Users\puppy\.m2\repository\org\ow2\asm\asm\5.0.1\asm-5.0.1.jar;C:\Users\puppy\.m2\repository\org\ow2\asm\asm-commons\5.0.1\asm-commons-5.0.1.jar;C:\Users\puppy\.m2\repository\org\ow2\asm\asm-tree\5.0.1\asm-tree-5.0.1.jar;C:\Users\puppy\.m2\repository\org\eclipse\jetty\jetty-jaas\9.3.20.v20170531\jetty-jaas-9.3.20.v20170531.jar;C:\Users\puppy\.m2\repository\org\eclipse\jetty\websocket\websocket-server\9.3.20.v20170531\websocket-server-9.3.20.v20170531.jar;C:\Users\puppy\.m2\repository\org\eclipse\jetty\websocket\websocket-servlet\9.3.20.v20170531\websocket-servlet-9.3.20.v20170531.jar;C:\Users\puppy\.m2\repository\org\eclipse\jetty\jetty-jndi\9.3.20.v20170531\jetty-jndi-9.3.20.v20170531.jar;C:\Users\puppy\.m2\repository\org\eclipse\jetty\apache-jsp\9.3.20.v20170531\apache-jsp-9.3.20.v20170531.jar;C:\Users\puppy\.m2\repository\org\eclipse\jetty\toolchain\jetty-schemas\3.1\jetty-schemas-3.1.jar;C:\Users\puppy\.m2\repository\org\eclipse\jdt\core\compiler\ecj\4.4.2\ecj-4.4.2.jar;C:\Users\puppy\.m2\repository\org\eclipse\jetty\apache-jstl\9.3.20.v20170531\apache-jstl-9.3.20.v20170531.jar;C:\Users\puppy\.m2\repository\org\apache\taglibs\taglibs-standard-spec\1.2.5\taglibs-standard-spec-1.2.5.jar;C:\Users\puppy\.m2\repository\org\apache\taglibs\taglibs-standard-impl\1.2.5\taglibs-standard-impl-1.2.5.jar;C:\Users\puppy\.m2\repository\org\apache\thrift\libfb303\0.9.3\libfb303-0.9.3.jar;C:\Users\puppy\.m2\repository\org\apache\curator\curator-recipes\2.12.0\curator-recipes-2.12.0.jar;C:\Users\puppy\.m2\repository\org\jamon\jamon-runtime\2.3.1\jamon-runtime-2.3.1.jar;C:\Users\puppy\.m2\repository\org\apache\hive\hive-serde\3.1.2\hive-serde-3.1.2.jar;C:\Users\puppy\.m2\repository\com\google\code\findbugs\jsr305\3.0.0\jsr305-3.0.0.jar;C:\Users\puppy\.m2\repository\org\apache\arrow\arrow-vector\0.8.0\arrow-vector-0.8.0.jar;C:\Users\puppy\.m2\repository\org\apache\arrow\arrow-format\0.8.0\arrow-format-0.8.0.jar;C:\Users\puppy\.m2\repository\org\apache\arrow\arrow-memory\0.8.0\arrow-memory-0.8.0.jar;C:\Users\puppy\.m2\repository\io\netty\netty-buffer\4.1.17.Final\netty-buffer-4.1.17.Final.jar;C:\Users\puppy\.m2\repository\io\netty\netty-common\4.1.17.Final\netty-common-4.1.17.Final.jar;C:\Users\puppy\.m2\repository\com\carrotsearch\hppc\0.7.2\hppc-0.7.2.jar;C:\Users\puppy\.m2\repository\com\vlkan\flatbuffers\1.2.0-3f79e055\flatbuffers-1.2.0-3f79e055.jar;C:\Users\puppy\.m2\repository\net\sf\opencsv\opencsv\2.3\opencsv-2.3.jar;C:\Users\puppy\.m2\repository\org\apache\parquet\parquet-hadoop-bundle\1.10.0\parquet-hadoop-bundle-1.10.0.jar;C:\Users\puppy\.m2\repository\org\apache\hive\hive-metastore\3.1.2\hive-metastore-3.1.2.jar;C:\Users\puppy\.m2\repository\org\apache\hive\hive-standalone-metastore\3.1.2\hive-standalone-metastore-3.1.2.jar;C:\Users\puppy\.m2\repository\org\datanucleus\datanucleus-api-jdo\4.2.4\datanucleus-api-jdo-4.2.4.jar;C:\Users\puppy\.m2\repository\org\datanucleus\datanucleus-core\4.1.17\datanucleus-core-4.1.17.jar;C:\Users\puppy\.m2\repository\org\datanucleus\datanucleus-rdbms\4.1.19\datanucleus-rdbms-4.1.19.jar;C:\Users\puppy\.m2\repository\org\datanucleus\javax.jdo\3.2.0-m3\javax.jdo-3.2.0-m3.jar;C:\Users\puppy\.m2\repository\javax\transaction\transaction-api\1.1\transaction-api-1.1.jar;C:\Users\puppy\.m2\repository\sqlline\sqlline\1.3.0\sqlline-1.3.0.jar;C:\Users\puppy\.m2\repository\org\apache\hbase\hbase-client\2.0.0-alpha4\hbase-client-2.0.0-alpha4.jar;C:\Users\puppy\.m2\repository\org\apache\hbase\thirdparty\hbase-shaded-protobuf\1.0.1\hbase-shaded-protobuf-1.0.1.jar;C:\Users\puppy\.m2\repository\org\apache\hbase\hbase-protocol-shaded\2.0.0-alpha4\hbase-protocol-shaded-2.0.0-alpha4.jar;C:\Users\puppy\.m2\repository\org\apache\hbase\hbase-protocol\2.0.0-alpha4\hbase-protocol-2.0.0-alpha4.jar;C:\Users\puppy\.m2\repository\junit\junit\4.12\junit-4.12.jar;C:\Users\puppy\.m2\repository\org\hamcrest\hamcrest-core\1.3\hamcrest-core-1.3.jar;C:\Users\puppy\.m2\repository\org\apache\hbase\thirdparty\hbase-shaded-miscellaneous\1.0.1\hbase-shaded-miscellaneous-1.0.1.jar;C:\Users\puppy\.m2\repository\org\apache\hbase\thirdparty\hbase-shaded-netty\1.0.1\hbase-shaded-netty-1.0.1.jar;C:\Users\puppy\.m2\repository\org\apache\htrace\htrace-core\3.2.0-incubating\htrace-core-3.2.0-incubating.jar;C:\Users\puppy\.m2\repository\org\jruby\jcodings\jcodings\1.0.18\jcodings-1.0.18.jar;C:\Users\puppy\.m2\repository\org\jruby\joni\joni\2.1.11\joni-2.1.11.jar;C:\Users\puppy\.m2\repository\org\apache\commons\commons-crypto\1.0.0\commons-crypto-1.0.0.jar;C:\Users\puppy\.m2\repository\org\apache\yetus\audience-annotations\0.5.0\audience-annotations-0.5.0.jar;C:\Users\puppy\.m2\repository\com\jolbox\bonecp\0.8.0.RELEASE\bonecp-0.8.0.RELEASE.jar;C:\Users\puppy\.m2\repository\com\zaxxer\HikariCP\2.6.1\HikariCP-2.6.1.jar;C:\Users\puppy\.m2\repository\org\apache\derby\derby\10.14.1.0\derby-10.14.1.0.jar;C:\Users\puppy\.m2\repository\commons-pool\commons-pool\1.5.4\commons-pool-1.5.4.jar;C:\Users\puppy\.m2\repository\commons-dbcp\commons-dbcp\1.4\commons-dbcp-1.4.jar;C:\Users\puppy\.m2\repository\javax\jdo\jdo-api\3.0.1\jdo-api-3.0.1.jar;C:\Users\puppy\.m2\repository\javax\transaction\jta\1.1\jta-1.1.jar;C:\Users\puppy\.m2\repository\org\antlr\antlr-runtime\3.5.2\antlr-runtime-3.5.2.jar;C:\Users\puppy\.m2\repository\co\cask\tephra\tephra-api\0.6.0\tephra-api-0.6.0.jar;C:\Users\puppy\.m2\repository\co\cask\tephra\tephra-core\0.6.0\tephra-core-0.6.0.jar;C:\Users\puppy\.m2\repository\com\google\inject\extensions\guice-assistedinject\3.0\guice-assistedinject-3.0.jar;C:\Users\puppy\.m2\repository\it\unimi\dsi\fastutil\6.5.6\fastutil-6.5.6.jar;C:\Users\puppy\.m2\repository\org\apache\twill\twill-common\0.6.0-incubating\twill-common-0.6.0-incubating.jar;C:\Users\puppy\.m2\repository\org\apache\twill\twill-core\0.6.0-incubating\twill-core-0.6.0-incubating.jar;C:\Users\puppy\.m2\repository\org\apache\twill\twill-api\0.6.0-incubating\twill-api-0.6.0-incubating.jar;C:\Users\puppy\.m2\repository\org\apache\twill\twill-discovery-api\0.6.0-incubating\twill-discovery-api-0.6.0-incubating.jar;C:\Users\puppy\.m2\repository\org\apache\twill\twill-discovery-core\0.6.0-incubating\twill-discovery-core-0.6.0-incubating.jar;C:\Users\puppy\.m2\repository\org\apache\twill\twill-zookeeper\0.6.0-incubating\twill-zookeeper-0.6.0-incubating.jar;C:\Users\puppy\.m2\repository\co\cask\tephra\tephra-hbase-compat-1.0\0.6.0\tephra-hbase-compat-1.0-0.6.0.jar;C:\Users\puppy\.m2\repository\org\apache\hive\hive-shims\3.1.2\hive-shims-3.1.2.jar;C:\Users\puppy\.m2\repository\org\apache\hive\shims\hive-shims-common\3.1.2\hive-shims-common-3.1.2.jar;C:\Users\puppy\.m2\repository\org\apache\hive\shims\hive-shims-0.23\3.1.2\hive-shims-0.23-3.1.2.jar;C:\Users\puppy\.m2\repository\org\apache\hadoop\hadoop-yarn-server-resourcemanager\3.1.0\hadoop-yarn-server-resourcemanager-3.1.0.jar;C:\Users\puppy\.m2\repository\org\apache\hadoop\hadoop-yarn-server-common\3.1.0\hadoop-yarn-server-common-3.1.0.jar;C:\Users\puppy\.m2\repository\org\apache\hadoop\hadoop-yarn-registry\3.1.0\hadoop-yarn-registry-3.1.0.jar;C:\Users\puppy\.m2\repository\org\apache\geronimo\specs\geronimo-jcache_1.0_spec\1.0-alpha-1\geronimo-jcache_1.0_spec-1.0-alpha-1.jar;C:\Users\puppy\.m2\repository\org\ehcache\ehcache\3.3.1\ehcache-3.3.1.jar;C:\Users\puppy\.m2\repository\com\zaxxer\HikariCP-java7\2.4.12\HikariCP-java7-2.4.12.jar;C:\Users\puppy\.m2\repository\com\microsoft\sqlserver\mssql-jdbc\6.2.1.jre7\mssql-jdbc-6.2.1.jre7.jar;C:\Users\puppy\.m2\repository\org\apache\hadoop\hadoop-yarn-server-applicationhistoryservice\3.1.0\hadoop-yarn-server-applicationhistoryservice-3.1.0.jar;C:\Users\puppy\.m2\repository\de\ruedigermoeller\fst\2.50\fst-2.50.jar;C:\Users\puppy\.m2\repository\com\cedarsoftware\java-util\1.9.0\java-util-1.9.0.jar;C:\Users\puppy\.m2\repository\com\cedarsoftware\json-io\2.5.1\json-io-2.5.1.jar;C:\Users\puppy\.m2\repository\org\apache\hadoop\hadoop-yarn-server-web-proxy\3.1.0\hadoop-yarn-server-web-proxy-3.1.0.jar;C:\Users\puppy\.m2\repository\org\apache\hive\shims\hive-shims-scheduler\3.1.2\hive-shims-scheduler-3.1.2.jar;C:\Users\puppy\.m2\repository\org\apache\hive\hive-service-rpc\3.1.2\hive-service-rpc-3.1.2.jar;C:\Users\puppy\.m2\repository\org\apache\httpcomponents\httpclient\4.5.2\httpclient-4.5.2.jar;C:\Users\puppy\.m2\repository\org\apache\httpcomponents\httpcore\4.4.4\httpcore-4.4.4.jar;C:\Users\puppy\.m2\repository\org\apache\thrift\libthrift\0.9.3\libthrift-0.9.3.jar;C:\Users\puppy\.m2\repository\org\apache\zookeeper\zookeeper\3.4.6\zookeeper-3.4.6.jar;C:\Users\puppy\.m2\repository\org\apache\curator\curator-framework\2.12.0\curator-framework-2.12.0.jar;C:\Users\puppy\.m2\repository\org\apache\curator\curator-client\2.12.0\curator-client-2.12.0.jar;C:\Users\puppy\.m2\repository\org\slf4j\slf4j-api\1.7.10\slf4j-api-1.7.10.jar;C:\Users\puppy\.m2\repository\org\apache\hive\hive-upgrade-acid\3.1.2\hive-upgrade-acid-3.1.2.jar;C:\Users\puppy\.m2\repository\com\alibaba\druid\1.1.23\druid-1.1.23.jar;C:\Users\puppy\.m2\repository\org\apache\hadoop\hadoop-mapreduce-client-core\3.3.0\hadoop-mapreduce-client-core-3.3.0.jar;C:\Users\puppy\.m2\repository\org\apache\hadoop\hadoop-yarn-client\3.3.0\hadoop-yarn-client-3.3.0.jar;C:\Users\puppy\.m2\repository\org\eclipse\jetty\websocket\websocket-client\9.4.20.v20190813\websocket-client-9.4.20.v20190813.jar;C:\Users\puppy\.m2\repository\org\eclipse\jetty\websocket\websocket-common\9.4.20.v20190813\websocket-common-9.4.20.v20190813.jar;C:\Users\puppy\.m2\repository\org\eclipse\jetty\websocket\websocket-api\9.4.20.v20190813\websocket-api-9.4.20.v20190813.jar;C:\Users\puppy\.m2\repository\org\jline\jline\3.9.0\jline-3.9.0.jar;C:\Users\puppy\.m2\repository\org\apache\hadoop\hadoop-yarn-common\3.3.0\hadoop-yarn-common-3.3.0.jar;C:\Users\puppy\.m2\repository\org\apache\hadoop\hadoop-auth\3.3.0\hadoop-auth-3.3.0.jar;C:\Users\puppy\.m2\repository\com\nimbusds\nimbus-jose-jwt\7.9\nimbus-jose-jwt-7.9.jar;C:\Users\puppy\.m2\repository\com\github\stephenc\jcip\jcip-annotations\1.0-1\jcip-annotations-1.0-1.jar;C:\Users\puppy\.m2\repository\net\minidev\json-smart\2.3\json-smart-2.3.jar;C:\Users\puppy\.m2\repository\net\minidev\accessors-smart\1.2\accessors-smart-1.2.jar;C:\Users\puppy\.m2\repository\org\apache\kerby\kerb-simplekdc\1.0.1\kerb-simplekdc-1.0.1.jar;C:\Users\puppy\.m2\repository\org\apache\kerby\kerb-client\1.0.1\kerb-client-1.0.1.jar;C:\Users\puppy\.m2\repository\org\apache\kerby\kerby-config\1.0.1\kerby-config-1.0.1.jar;C:\Users\puppy\.m2\repository\org\apache\kerby\kerb-common\1.0.1\kerb-common-1.0.1.jar;C:\Users\puppy\.m2\repository\org\apache\kerby\kerb-crypto\1.0.1\kerb-crypto-1.0.1.jar;C:\Users\puppy\.m2\repository\org\apache\kerby\kerb-util\1.0.1\kerb-util-1.0.1.jar;C:\Users\puppy\.m2\repository\org\apache\kerby\token-provider\1.0.1\token-provider-1.0.1.jar;C:\Users\puppy\.m2\repository\org\apache\kerby\kerb-admin\1.0.1\kerb-admin-1.0.1.jar;C:\Users\puppy\.m2\repository\org\apache\kerby\kerb-server\1.0.1\kerb-server-1.0.1.jar;C:\Users\puppy\.m2\repository\org\apache\kerby\kerb-identity\1.0.1\kerb-identity-1.0.1.jar;C:\Users\puppy\.m2\repository\org\apache\kerby\kerby-xdr\1.0.1\kerby-xdr-1.0.1.jar;C:\Users\puppy\.m2\repository\javax\xml\bind\jaxb-api\2.2.11\jaxb-api-2.2.11.jar;C:\Users\puppy\.m2\repository\com\sun\jersey\jersey-client\1.19\jersey-client-1.19.jar;C:\Users\puppy\.m2\repository\com\google\inject\guice\4.0\guice-4.0.jar;C:\Users\puppy\.m2\repository\javax\inject\javax.inject\1\javax.inject-1.jar;C:\Users\puppy\.m2\repository\aopalliance\aopalliance\1.0\aopalliance-1.0.jar;C:\Users\puppy\.m2\repository\com\sun\jersey\jersey-json\1.19\jersey-json-1.19.jar;C:\Users\puppy\.m2\repository\com\sun\xml\bind\jaxb-impl\2.2.3-1\jaxb-impl-2.2.3-1.jar;C:\Users\puppy\.m2\repository\org\codehaus\jackson\jackson-jaxrs\1.9.2\jackson-jaxrs-1.9.2.jar;C:\Users\puppy\.m2\repository\org\codehaus\jackson\jackson-xc\1.9.2\jackson-xc-1.9.2.jar;C:\Users\puppy\.m2\repository\com\sun\jersey\contribs\jersey-guice\1.19\jersey-guice-1.19.jar;C:\Users\puppy\.m2\repository\com\fasterxml\jackson\core\jackson-core\2.10.3\jackson-core-2.10.3.jar;C:\Users\puppy\.m2\repository\com\fasterxml\jackson\module\jackson-module-jaxb-annotations\2.10.3\jackson-module-jaxb-annotations-2.10.3.jar;C:\Users\puppy\.m2\repository\jakarta\xml\bind\jakarta.xml.bind-api\2.3.2\jakarta.xml.bind-api-2.3.2.jar;C:\Users\puppy\.m2\repository\jakarta\activation\jakarta.activation-api\1.2.1\jakarta.activation-api-1.2.1.jar;C:\Users\puppy\.m2\repository\com\fasterxml\jackson\jaxrs\jackson-jaxrs-json-provider\2.10.3\jackson-jaxrs-json-provider-2.10.3.jar;C:\Users\puppy\.m2\repository\com\fasterxml\jackson\jaxrs\jackson-jaxrs-base\2.10.3\jackson-jaxrs-base-2.10.3.jar;C:\Users\puppy\.m2\repository\org\apache\hadoop\hadoop-hdfs-client\3.3.0\hadoop-hdfs-client-3.3.0.jar;C:\Users\puppy\.m2\repository\com\squareup\okhttp\okhttp\2.7.5\okhttp-2.7.5.jar;C:\Users\puppy\.m2\repository\com\squareup\okio\okio\1.6.0\okio-1.6.0.jar;C:\Users\puppy\.m2\repository\com\fasterxml\jackson\core\jackson-annotations\2.10.3\jackson-annotations-2.10.3.jar;C:\Users\puppy\.m2\repository\com\fasterxml\jackson\core\jackson-databind\2.10.3\jackson-databind-2.10.3.jar;C:\Users\puppy\.m2\repository\com\google\protobuf\protobuf-java\2.5.0\protobuf-java-2.5.0.jar;C:\Users\puppy\.m2\repository\org\apache\avro\avro\1.7.7\avro-1.7.7.jar;C:\Users\puppy\.m2\repository\org\codehaus\jackson\jackson-core-asl\1.9.13\jackson-core-asl-1.9.13.jar;C:\Users\puppy\.m2\repository\org\codehaus\jackson\jackson-mapper-asl\1.9.13\jackson-mapper-asl-1.9.13.jar;C:\Users\puppy\.m2\repository\com\thoughtworks\paranamer\paranamer\2.3\paranamer-2.3.jar;C:\Users\puppy\.m2\repository\org\xerial\snappy\snappy-java\1.0.5\snappy-java-1.0.5.jar;C:\Users\puppy\.m2\repository\org\apache\hadoop\hadoop-annotations\3.3.0\hadoop-annotations-3.3.0.jar;D:\Program Files\Java\jdk1.8.0_261\jre\..\lib\tools.jar;C:\Users\puppy\.m2\repository\com\google\inject\extensions\guice-servlet\4.0\guice-servlet-4.0.jar;C:\Users\puppy\.m2\repository\io\netty\netty\3.10.6.Final\netty-3.10.6.Final.jar;C:\Users\puppy\.m2\repository\org\apache\hadoop\hadoop-client\3.3.0\hadoop-client-3.3.0.jar;C:\Users\puppy\.m2\repository\org\apache\hadoop\hadoop-common\3.3.0\hadoop-common-3.3.0.jar;C:\Users\puppy\.m2\repository\org\apache\hadoop\thirdparty\hadoop-shaded-protobuf_3_7\1.0.0\hadoop-shaded-protobuf_3_7-1.0.0.jar;C:\Users\puppy\.m2\repository\org\apache\commons\commons-math3\3.1.1\commons-math3-3.1.1.jar;C:\Users\puppy\.m2\repository\commons-net\commons-net\3.6\commons-net-3.6.jar;C:\Users\puppy\.m2\repository\commons-collections\commons-collections\3.2.2\commons-collections-3.2.2.jar;C:\Users\puppy\.m2\repository\javax\activation\javax.activation-api\1.2.0\javax.activation-api-1.2.0.jar;C:\Users\puppy\.m2\repository\javax\servlet\jsp\jsp-api\2.1\jsp-api-2.1.jar;C:\Users\puppy\.m2\repository\com\sun\jersey\jersey-servlet\1.19\jersey-servlet-1.19.jar;C:\Users\puppy\.m2\repository\commons-beanutils\commons-beanutils\1.9.4\commons-beanutils-1.9.4.jar;C:\Users\puppy\.m2\repository\org\apache\commons\commons-configuration2\2.1.1\commons-configuration2-2.1.1.jar;C:\Users\puppy\.m2\repository\org\apache\commons\commons-text\1.4\commons-text-1.4.jar;C:\Users\puppy\.m2\repository\com\google\re2j\re2j\1.1\re2j-1.1.jar;C:\Users\puppy\.m2\repository\com\google\code\gson\gson\2.2.4\gson-2.2.4.jar;C:\Users\puppy\.m2\repository\org\apache\kerby\kerb-core\1.0.1\kerb-core-1.0.1.jar;C:\Users\puppy\.m2\repository\org\apache\kerby\kerby-pkix\1.0.1\kerby-pkix-1.0.1.jar;C:\Users\puppy\.m2\repository\org\apache\kerby\kerby-asn1\1.0.1\kerby-asn1-1.0.1.jar;C:\Users\puppy\.m2\repository\org\apache\kerby\kerby-util\1.0.1\kerby-util-1.0.1.jar;C:\Users\puppy\.m2\repository\org\codehaus\woodstox\stax2-api\3.1.4\stax2-api-3.1.4.jar;C:\Users\puppy\.m2\repository\com\fasterxml\woodstox\woodstox-core\5.0.3\woodstox-core-5.0.3.jar;C:\Users\puppy\.m2\repository\dnsjava\dnsjava\2.1.7\dnsjava-2.1.7.jar;C:\Users\puppy\.m2\repository\org\apache\hadoop\hadoop-yarn-api\3.3.0\hadoop-yarn-api-3.3.0.jar;C:\Users\puppy\.m2\repository\org\apache\hadoop\hadoop-mapreduce-client-jobclient\3.3.0\hadoop-mapreduce-client-jobclient-3.3.0.jar;C:\Users\puppy\.m2\repository\org\apache\hadoop\hadoop-mapreduce-client-common\3.3.0\hadoop-mapreduce-client-common-3.3.0.jar;C:\Users\puppy\.m2\repository\ch\qos\logback\logback-core\1.2.3\logback-core-1.2.3.jar;C:\Users\puppy\.m2\repository\ch\qos\logback\logback-classic\1.2.3\logback-classic-1.2.3.jar;C:\Users\puppy\.m2\repository\org\slf4j\jcl-over-slf4j\1.7.30\jcl-over-slf4j-1.7.30.jar;C:\Users\puppy\.m2\repository\org\slf4j\log4j-over-slf4j\1.7.30\log4j-over-slf4j-1.7.30.jar;C:\Users\puppy\.m2\repository\org\apache\hadoop\hadoop-hdfs\3.3.0\hadoop-hdfs-3.3.0.jar;C:\Users\puppy\.m2\repository\com\google\guava\guava\27.0-jre\guava-27.0-jre.jar;C:\Users\puppy\.m2\repository\com\google\guava\failureaccess\1.0\failureaccess-1.0.jar;C:\Users\puppy\.m2\repository\com\google\guava\listenablefuture\9999.0-empty-to-avoid-conflict-with-guava\listenablefuture-9999.0-empty-to-avoid-conflict-with-guava.jar;C:\Users\puppy\.m2\repository\org\checkerframework\checker-qual\2.5.2\checker-qual-2.5.2.jar;C:\Users\puppy\.m2\repository\com\google\j2objc\j2objc-annotations\1.1\j2objc-annotations-1.1.jar;C:\Users\puppy\.m2\repository\org\codehaus\mojo\animal-sniffer-annotations\1.17\animal-sniffer-annotations-1.17.jar;C:\Users\puppy\.m2\repository\org\eclipse\jetty\jetty-server\9.4.20.v20190813\jetty-server-9.4.20.v20190813.jar;C:\Users\puppy\.m2\repository\org\eclipse\jetty\jetty-io\9.4.20.v20190813\jetty-io-9.4.20.v20190813.jar;C:\Users\puppy\.m2\repository\org\eclipse\jetty\jetty-util\9.4.20.v20190813\jetty-util-9.4.20.v20190813.jar;C:\Users\puppy\.m2\repository\org\eclipse\jetty\jetty-util-ajax\9.4.20.v20190813\jetty-util-ajax-9.4.20.v20190813.jar;C:\Users\puppy\.m2\repository\com\sun\jersey\jersey-core\1.19\jersey-core-1.19.jar;C:\Users\puppy\.m2\repository\javax\ws\rs\jsr311-api\1.1.1\jsr311-api-1.1.1.jar;C:\Users\puppy\.m2\repository\com\sun\jersey\jersey-server\1.19\jersey-server-1.19.jar;C:\Users\puppy\.m2\repository\commons-cli\commons-cli\1.2\commons-cli-1.2.jar;C:\Users\puppy\.m2\repository\commons-codec\commons-codec\1.11\commons-codec-1.11.jar;C:\Users\puppy\.m2\repository\commons-io\commons-io\2.5\commons-io-2.5.jar;C:\Users\puppy\.m2\repository\commons-daemon\commons-daemon\1.0.13\commons-daemon-1.0.13.jar;C:\Users\puppy\.m2\repository\log4j\log4j\1.2.17\log4j-1.2.17.jar;C:\Users\puppy\.m2\repository\javax\servlet\javax.servlet-api\3.1.0\javax.servlet-api-3.1.0.jar;C:\Users\puppy\.m2\repository\io\netty\netty-all\4.1.50.Final\netty-all-4.1.50.Final.jar;C:\Users\puppy\.m2\repository\org\apache\htrace\htrace-core4\4.1.0-incubating\htrace-core4-4.1.0-incubating.jar;C:\Users\puppy\.m2\repository\org\fusesource\leveldbjni\leveldbjni-all\1.8\leveldbjni-all-1.8.jar;C:\Users\puppy\.m2\repository\org\junit\jupiter\junit-jupiter\5.6.2\junit-jupiter-5.6.2.jar;C:\Users\puppy\.m2\repository\org\junit\jupiter\junit-jupiter-api\5.6.2\junit-jupiter-api-5.6.2.jar;C:\Users\puppy\.m2\repository\org\apiguardian\apiguardian-api\1.1.0\apiguardian-api-1.1.0.jar;C:\Users\puppy\.m2\repository\org\opentest4j\opentest4j\1.2.0\opentest4j-1.2.0.jar;C:\Users\puppy\.m2\repository\org\junit\platform\junit-platform-commons\1.6.2\junit-platform-commons-1.6.2.jar;C:\Users\puppy\.m2\repository\org\junit\jupiter\junit-jupiter-params\5.6.2\junit-jupiter-params-5.6.2.jar;C:\Users\puppy\.m2\repository\org\junit\jupiter\junit-jupiter-engine\5.6.2\junit-jupiter-engine-5.6.2.jar;C:\Users\puppy\.m2\repository\org\junit\platform\junit-platform-engine\1.6.2\junit-platform-engine-1.6.2.jar;"/>
    <property name="sun.cpu.endian" value="little"/>
    <property name="user.home" value="C:\Users\puppy"/>
    <property name="user.language" value="zh"/>
    <property name="java.specification.vendor" value="Oracle Corporation"/>
    <property name="java.home" value="D:\Program Files\Java\jdk1.8.0_261\jre"/>
    <property name="basedir" value="D:\Workspace\flink-walkthrough-datastream-java\hadoop-module"/>
    <property name="file.separator" value="\"/>
    <property name="line.separator" value="&#10;"/>
    <property name="java.vm.specification.vendor" value="Oracle Corporation"/>
    <property name="java.specification.name" value="Java Platform API Specification"/>
    <property name="java.awt.graphicsenv" value="sun.awt.Win32GraphicsEnvironment"/>
    <property name="surefire.real.class.path" value="C:\Users\puppy\AppData\Local\Temp\surefire3671248383376720621\surefirebooter244810479112415854.jar"/>
    <property name="sun.boot.class.path" value="D:\Program Files\Java\jdk1.8.0_261\jre\lib\resources.jar;D:\Program Files\Java\jdk1.8.0_261\jre\lib\rt.jar;D:\Program Files\Java\jdk1.8.0_261\jre\lib\sunrsasign.jar;D:\Program Files\Java\jdk1.8.0_261\jre\lib\jsse.jar;D:\Program Files\Java\jdk1.8.0_261\jre\lib\jce.jar;D:\Program Files\Java\jdk1.8.0_261\jre\lib\charsets.jar;D:\Program Files\Java\jdk1.8.0_261\jre\lib\jfr.jar;D:\Program Files\Java\jdk1.8.0_261\jre\classes"/>
    <property name="user.script" value=""/>
    <property name="sun.management.compiler" value="HotSpot 64-Bit Tiered Compilers"/>
    <property name="java.runtime.version" value="1.8.0_261-b12"/>
    <property name="user.name" value="puppy"/>
    <property name="path.separator" value=";"/>
    <property name="os.version" value="10.0"/>
    <property name="java.endorsed.dirs" value="D:\Program Files\Java\jdk1.8.0_261\jre\lib\endorsed"/>
    <property name="java.runtime.name" value="Java(TM) SE Runtime Environment"/>
    <property name="file.encoding" value="GBK"/>
    <property name="java.vm.name" value="Java HotSpot(TM) 64-Bit Server VM"/>
    <property name="localRepository" value="C:\Users\puppy\.m2\repository"/>
    <property name="java.vendor.url.bug" value="http://bugreport.sun.com/bugreport/"/>
    <property name="java.io.tmpdir" value="C:\Users\puppy\AppData\Local\Temp\"/>
    <property name="idea.version" value="2020.3.2"/>
    <property name="java.version" value="1.8.0_261"/>
    <property name="user.dir" value="D:\Workspace\flink-walkthrough-datastream-java\hadoop-module"/>
    <property name="os.arch" value="amd64"/>
    <property name="java.vm.specification.name" value="Java Virtual Machine Specification"/>
    <property name="java.awt.printerjob" value="sun.awt.windows.WPrinterJob"/>
    <property name="sun.os.patch.level" value=""/>
    <property name="java.library.path" value="D:\Program Files\Java\jdk1.8.0_261\jre\bin;C:\WINDOWS\Sun\Java\bin;C:\WINDOWS\system32;C:\WINDOWS;C:\Program Files (x86)\VMware\VMware Workstation\;D:\Program Files (x86)\NetSarang\Xshell 6\;D:\Program Files (x86)\NetSarang\Xftp 6\;C:\Program Files (x86)\Common Files\Oracle\Java\javapath;C:\WINDOWS\system32;C:\WINDOWS;C:\WINDOWS\System32\Wbem;C:\WINDOWS\System32\WindowsPowerShell\v1.0\;C:\WINDOWS\System32\OpenSSH\;D:\Program Files\apache-maven-3.6.3\bin;D:\Program Files\Java\jdk1.8.0_261\bin;D:\Program Files\Git\cmd;D:\Program Files\Git\mingw64\bin;D:\Program Files\Git\usr\bin;D:\Program Files\wsl2host;C:\ProgramData\chocolatey\bin;D:\Program Files\nodejs\;C:\Program Files\Calibre2\;D:\Program Files\hadoop-3.2.1\bin;C:\Users\puppy\AppData\Local\Microsoft\WindowsApps;C:\Users\puppy\AppData\Local\GitHubDesktop\bin;C:\Users\puppy\AppData\Roaming\npm;."/>
    <property name="java.vm.info" value="mixed mode"/>
    <property name="java.vendor" value="Oracle Corporation"/>
    <property name="java.vm.version" value="25.261-b12"/>
    <property name="java.ext.dirs" value="D:\Program Files\Java\jdk1.8.0_261\jre\lib\ext;C:\WINDOWS\Sun\Java\lib\ext"/>
    <property name="sun.io.unicode.encoding" value="UnicodeLittle"/>
    <property name="java.class.version" value="52.0"/>
  </properties>
  <testcase name="copyToLocalFile" classname="org.puppy.hadoop.TestHadoopFileSystem" time="1.702">
    <error message="Permission denied: user=puppy3, access=EXECUTE, inode=&quot;/user/puppy&quot;:puppy:supergroup:drwxrwx---&#10;	at org.apache.hadoop.hdfs.server.namenode.FSPermissionChecker.check(FSPermissionChecker.java:399)&#10;	at org.apache.hadoop.hdfs.server.namenode.FSPermissionChecker.checkTraverse(FSPermissionChecker.java:315)&#10;	at org.apache.hadoop.hdfs.server.namenode.FSPermissionChecker.checkPermission(FSPermissionChecker.java:242)&#10;	at org.apache.hadoop.hdfs.server.namenode.FSPermissionChecker.checkPermission(FSPermissionChecker.java:193)&#10;	at org.apache.hadoop.hdfs.server.namenode.FSPermissionChecker.checkTraverse(FSPermissionChecker.java:606)&#10;	at org.apache.hadoop.hdfs.server.namenode.FSDirectory.checkTraverse(FSDirectory.java:1845)&#10;	at org.apache.hadoop.hdfs.server.namenode.FSDirectory.checkTraverse(FSDirectory.java:1863)&#10;	at org.apache.hadoop.hdfs.server.namenode.FSDirectory.resolvePath(FSDirectory.java:686)&#10;	at org.apache.hadoop.hdfs.server.namenode.FSDirStatAndListingOp.getFileInfo(FSDirStatAndListingOp.java:112)&#10;	at org.apache.hadoop.hdfs.server.namenode.FSNamesystem.getFileInfo(FSNamesystem.java:3208)&#10;	at org.apache.hadoop.hdfs.server.namenode.NameNodeRpcServer.getFileInfo(NameNodeRpcServer.java:1186)&#10;	at org.apache.hadoop.hdfs.protocolPB.ClientNamenodeProtocolServerSideTranslatorPB.getFileInfo(ClientNamenodeProtocolServerSideTranslatorPB.java:982)&#10;	at org.apache.hadoop.hdfs.protocol.proto.ClientNamenodeProtocolProtos$ClientNamenodeProtocol$2.callBlockingMethod(ClientNamenodeProtocolProtos.java)&#10;	at org.apache.hadoop.ipc.ProtobufRpcEngine$Server$ProtoBufRpcInvoker.call(ProtobufRpcEngine.java:528)&#10;	at org.apache.hadoop.ipc.RPC$Server.call(RPC.java:1086)&#10;	at org.apache.hadoop.ipc.Server$RpcCall.run(Server.java:1029)&#10;	at org.apache.hadoop.ipc.Server$RpcCall.run(Server.java:957)&#10;	at java.security.AccessController.doPrivileged(Native Method)&#10;	at javax.security.auth.Subject.doAs(Subject.java:422)&#10;	at org.apache.hadoop.security.UserGroupInformation.doAs(UserGroupInformation.java:1762)&#10;	at org.apache.hadoop.ipc.Server$Handler.run(Server.java:2957)&#10;" type="org.apache.hadoop.security.AccessControlException">org.apache.hadoop.security.AccessControlException: 
Permission denied: user=puppy3, access=EXECUTE, inode="/user/puppy":puppy:supergroup:drwxrwx---
	at org.apache.hadoop.hdfs.server.namenode.FSPermissionChecker.check(FSPermissionChecker.java:399)
	at org.apache.hadoop.hdfs.server.namenode.FSPermissionChecker.checkTraverse(FSPermissionChecker.java:315)
	at org.apache.hadoop.hdfs.server.namenode.FSPermissionChecker.checkPermission(FSPermissionChecker.java:242)
	at org.apache.hadoop.hdfs.server.namenode.FSPermissionChecker.checkPermission(FSPermissionChecker.java:193)
	at org.apache.hadoop.hdfs.server.namenode.FSPermissionChecker.checkTraverse(FSPermissionChecker.java:606)
	at org.apache.hadoop.hdfs.server.namenode.FSDirectory.checkTraverse(FSDirectory.java:1845)
	at org.apache.hadoop.hdfs.server.namenode.FSDirectory.checkTraverse(FSDirectory.java:1863)
	at org.apache.hadoop.hdfs.server.namenode.FSDirectory.resolvePath(FSDirectory.java:686)
	at org.apache.hadoop.hdfs.server.namenode.FSDirStatAndListingOp.getFileInfo(FSDirStatAndListingOp.java:112)
	at org.apache.hadoop.hdfs.server.namenode.FSNamesystem.getFileInfo(FSNamesystem.java:3208)
	at org.apache.hadoop.hdfs.server.namenode.NameNodeRpcServer.getFileInfo(NameNodeRpcServer.java:1186)
	at org.apache.hadoop.hdfs.protocolPB.ClientNamenodeProtocolServerSideTranslatorPB.getFileInfo(ClientNamenodeProtocolServerSideTranslatorPB.java:982)
	at org.apache.hadoop.hdfs.protocol.proto.ClientNamenodeProtocolProtos$ClientNamenodeProtocol$2.callBlockingMethod(ClientNamenodeProtocolProtos.java)
	at org.apache.hadoop.ipc.ProtobufRpcEngine$Server$ProtoBufRpcInvoker.call(ProtobufRpcEngine.java:528)
	at org.apache.hadoop.ipc.RPC$Server.call(RPC.java:1086)
	at org.apache.hadoop.ipc.Server$RpcCall.run(Server.java:1029)
	at org.apache.hadoop.ipc.Server$RpcCall.run(Server.java:957)
	at java.security.AccessController.doPrivileged(Native Method)
	at javax.security.auth.Subject.doAs(Subject.java:422)
	at org.apache.hadoop.security.UserGroupInformation.doAs(UserGroupInformation.java:1762)
	at org.apache.hadoop.ipc.Server$Handler.run(Server.java:2957)

	at org.puppy.hadoop.TestHadoopFileSystem.copyToLocalFile(TestHadoopFileSystem.java:114)
Caused by: org.apache.hadoop.ipc.RemoteException: 
Permission denied: user=puppy3, access=EXECUTE, inode="/user/puppy":puppy:supergroup:drwxrwx---
	at org.apache.hadoop.hdfs.server.namenode.FSPermissionChecker.check(FSPermissionChecker.java:399)
	at org.apache.hadoop.hdfs.server.namenode.FSPermissionChecker.checkTraverse(FSPermissionChecker.java:315)
	at org.apache.hadoop.hdfs.server.namenode.FSPermissionChecker.checkPermission(FSPermissionChecker.java:242)
	at org.apache.hadoop.hdfs.server.namenode.FSPermissionChecker.checkPermission(FSPermissionChecker.java:193)
	at org.apache.hadoop.hdfs.server.namenode.FSPermissionChecker.checkTraverse(FSPermissionChecker.java:606)
	at org.apache.hadoop.hdfs.server.namenode.FSDirectory.checkTraverse(FSDirectory.java:1845)
	at org.apache.hadoop.hdfs.server.namenode.FSDirectory.checkTraverse(FSDirectory.java:1863)
	at org.apache.hadoop.hdfs.server.namenode.FSDirectory.resolvePath(FSDirectory.java:686)
	at org.apache.hadoop.hdfs.server.namenode.FSDirStatAndListingOp.getFileInfo(FSDirStatAndListingOp.java:112)
	at org.apache.hadoop.hdfs.server.namenode.FSNamesystem.getFileInfo(FSNamesystem.java:3208)
	at org.apache.hadoop.hdfs.server.namenode.NameNodeRpcServer.getFileInfo(NameNodeRpcServer.java:1186)
	at org.apache.hadoop.hdfs.protocolPB.ClientNamenodeProtocolServerSideTranslatorPB.getFileInfo(ClientNamenodeProtocolServerSideTranslatorPB.java:982)
	at org.apache.hadoop.hdfs.protocol.proto.ClientNamenodeProtocolProtos$ClientNamenodeProtocol$2.callBlockingMethod(ClientNamenodeProtocolProtos.java)
	at org.apache.hadoop.ipc.ProtobufRpcEngine$Server$ProtoBufRpcInvoker.call(ProtobufRpcEngine.java:528)
	at org.apache.hadoop.ipc.RPC$Server.call(RPC.java:1086)
	at org.apache.hadoop.ipc.Server$RpcCall.run(Server.java:1029)
	at org.apache.hadoop.ipc.Server$RpcCall.run(Server.java:957)
	at java.security.AccessController.doPrivileged(Native Method)
	at javax.security.auth.Subject.doAs(Subject.java:422)
	at org.apache.hadoop.security.UserGroupInformation.doAs(UserGroupInformation.java:1762)
	at org.apache.hadoop.ipc.Server$Handler.run(Server.java:2957)

	at org.puppy.hadoop.TestHadoopFileSystem.copyToLocalFile(TestHadoopFileSystem.java:114)
</error>
  </testcase>
  <testcase name="copyFromLocal" classname="org.puppy.hadoop.TestHadoopFileSystem" time="0.022">
    <error message="Permission denied: user=puppy3, access=EXECUTE, inode=&quot;/user/puppy&quot;:puppy:supergroup:drwxrwx---&#10;	at org.apache.hadoop.hdfs.server.namenode.FSPermissionChecker.check(FSPermissionChecker.java:399)&#10;	at org.apache.hadoop.hdfs.server.namenode.FSPermissionChecker.checkTraverse(FSPermissionChecker.java:315)&#10;	at org.apache.hadoop.hdfs.server.namenode.FSPermissionChecker.checkPermission(FSPermissionChecker.java:242)&#10;	at org.apache.hadoop.hdfs.server.namenode.FSPermissionChecker.checkPermission(FSPermissionChecker.java:193)&#10;	at org.apache.hadoop.hdfs.server.namenode.FSPermissionChecker.checkTraverse(FSPermissionChecker.java:606)&#10;	at org.apache.hadoop.hdfs.server.namenode.FSDirectory.checkTraverse(FSDirectory.java:1845)&#10;	at org.apache.hadoop.hdfs.server.namenode.FSDirectory.checkTraverse(FSDirectory.java:1863)&#10;	at org.apache.hadoop.hdfs.server.namenode.FSDirectory.resolvePath(FSDirectory.java:686)&#10;	at org.apache.hadoop.hdfs.server.namenode.FSDirStatAndListingOp.getFileInfo(FSDirStatAndListingOp.java:112)&#10;	at org.apache.hadoop.hdfs.server.namenode.FSNamesystem.getFileInfo(FSNamesystem.java:3208)&#10;	at org.apache.hadoop.hdfs.server.namenode.NameNodeRpcServer.getFileInfo(NameNodeRpcServer.java:1186)&#10;	at org.apache.hadoop.hdfs.protocolPB.ClientNamenodeProtocolServerSideTranslatorPB.getFileInfo(ClientNamenodeProtocolServerSideTranslatorPB.java:982)&#10;	at org.apache.hadoop.hdfs.protocol.proto.ClientNamenodeProtocolProtos$ClientNamenodeProtocol$2.callBlockingMethod(ClientNamenodeProtocolProtos.java)&#10;	at org.apache.hadoop.ipc.ProtobufRpcEngine$Server$ProtoBufRpcInvoker.call(ProtobufRpcEngine.java:528)&#10;	at org.apache.hadoop.ipc.RPC$Server.call(RPC.java:1086)&#10;	at org.apache.hadoop.ipc.Server$RpcCall.run(Server.java:1029)&#10;	at org.apache.hadoop.ipc.Server$RpcCall.run(Server.java:957)&#10;	at java.security.AccessController.doPrivileged(Native Method)&#10;	at javax.security.auth.Subject.doAs(Subject.java:422)&#10;	at org.apache.hadoop.security.UserGroupInformation.doAs(UserGroupInformation.java:1762)&#10;	at org.apache.hadoop.ipc.Server$Handler.run(Server.java:2957)&#10;" type="org.apache.hadoop.security.AccessControlException">org.apache.hadoop.security.AccessControlException: 
Permission denied: user=puppy3, access=EXECUTE, inode="/user/puppy":puppy:supergroup:drwxrwx---
	at org.apache.hadoop.hdfs.server.namenode.FSPermissionChecker.check(FSPermissionChecker.java:399)
	at org.apache.hadoop.hdfs.server.namenode.FSPermissionChecker.checkTraverse(FSPermissionChecker.java:315)
	at org.apache.hadoop.hdfs.server.namenode.FSPermissionChecker.checkPermission(FSPermissionChecker.java:242)
	at org.apache.hadoop.hdfs.server.namenode.FSPermissionChecker.checkPermission(FSPermissionChecker.java:193)
	at org.apache.hadoop.hdfs.server.namenode.FSPermissionChecker.checkTraverse(FSPermissionChecker.java:606)
	at org.apache.hadoop.hdfs.server.namenode.FSDirectory.checkTraverse(FSDirectory.java:1845)
	at org.apache.hadoop.hdfs.server.namenode.FSDirectory.checkTraverse(FSDirectory.java:1863)
	at org.apache.hadoop.hdfs.server.namenode.FSDirectory.resolvePath(FSDirectory.java:686)
	at org.apache.hadoop.hdfs.server.namenode.FSDirStatAndListingOp.getFileInfo(FSDirStatAndListingOp.java:112)
	at org.apache.hadoop.hdfs.server.namenode.FSNamesystem.getFileInfo(FSNamesystem.java:3208)
	at org.apache.hadoop.hdfs.server.namenode.NameNodeRpcServer.getFileInfo(NameNodeRpcServer.java:1186)
	at org.apache.hadoop.hdfs.protocolPB.ClientNamenodeProtocolServerSideTranslatorPB.getFileInfo(ClientNamenodeProtocolServerSideTranslatorPB.java:982)
	at org.apache.hadoop.hdfs.protocol.proto.ClientNamenodeProtocolProtos$ClientNamenodeProtocol$2.callBlockingMethod(ClientNamenodeProtocolProtos.java)
	at org.apache.hadoop.ipc.ProtobufRpcEngine$Server$ProtoBufRpcInvoker.call(ProtobufRpcEngine.java:528)
	at org.apache.hadoop.ipc.RPC$Server.call(RPC.java:1086)
	at org.apache.hadoop.ipc.Server$RpcCall.run(Server.java:1029)
	at org.apache.hadoop.ipc.Server$RpcCall.run(Server.java:957)
	at java.security.AccessController.doPrivileged(Native Method)
	at javax.security.auth.Subject.doAs(Subject.java:422)
	at org.apache.hadoop.security.UserGroupInformation.doAs(UserGroupInformation.java:1762)
	at org.apache.hadoop.ipc.Server$Handler.run(Server.java:2957)

	at org.puppy.hadoop.TestHadoopFileSystem.copyFromLocal(TestHadoopFileSystem.java:90)
Caused by: org.apache.hadoop.ipc.RemoteException: 
Permission denied: user=puppy3, access=EXECUTE, inode="/user/puppy":puppy:supergroup:drwxrwx---
	at org.apache.hadoop.hdfs.server.namenode.FSPermissionChecker.check(FSPermissionChecker.java:399)
	at org.apache.hadoop.hdfs.server.namenode.FSPermissionChecker.checkTraverse(FSPermissionChecker.java:315)
	at org.apache.hadoop.hdfs.server.namenode.FSPermissionChecker.checkPermission(FSPermissionChecker.java:242)
	at org.apache.hadoop.hdfs.server.namenode.FSPermissionChecker.checkPermission(FSPermissionChecker.java:193)
	at org.apache.hadoop.hdfs.server.namenode.FSPermissionChecker.checkTraverse(FSPermissionChecker.java:606)
	at org.apache.hadoop.hdfs.server.namenode.FSDirectory.checkTraverse(FSDirectory.java:1845)
	at org.apache.hadoop.hdfs.server.namenode.FSDirectory.checkTraverse(FSDirectory.java:1863)
	at org.apache.hadoop.hdfs.server.namenode.FSDirectory.resolvePath(FSDirectory.java:686)
	at org.apache.hadoop.hdfs.server.namenode.FSDirStatAndListingOp.getFileInfo(FSDirStatAndListingOp.java:112)
	at org.apache.hadoop.hdfs.server.namenode.FSNamesystem.getFileInfo(FSNamesystem.java:3208)
	at org.apache.hadoop.hdfs.server.namenode.NameNodeRpcServer.getFileInfo(NameNodeRpcServer.java:1186)
	at org.apache.hadoop.hdfs.protocolPB.ClientNamenodeProtocolServerSideTranslatorPB.getFileInfo(ClientNamenodeProtocolServerSideTranslatorPB.java:982)
	at org.apache.hadoop.hdfs.protocol.proto.ClientNamenodeProtocolProtos$ClientNamenodeProtocol$2.callBlockingMethod(ClientNamenodeProtocolProtos.java)
	at org.apache.hadoop.ipc.ProtobufRpcEngine$Server$ProtoBufRpcInvoker.call(ProtobufRpcEngine.java:528)
	at org.apache.hadoop.ipc.RPC$Server.call(RPC.java:1086)
	at org.apache.hadoop.ipc.Server$RpcCall.run(Server.java:1029)
	at org.apache.hadoop.ipc.Server$RpcCall.run(Server.java:957)
	at java.security.AccessController.doPrivileged(Native Method)
	at javax.security.auth.Subject.doAs(Subject.java:422)
	at org.apache.hadoop.security.UserGroupInformation.doAs(UserGroupInformation.java:1762)
	at org.apache.hadoop.ipc.Server$Handler.run(Server.java:2957)

	at org.puppy.hadoop.TestHadoopFileSystem.copyFromLocal(TestHadoopFileSystem.java:90)
</error>
  </testcase>
  <testcase name="config" classname="org.puppy.hadoop.TestHadoopFileSystem" time="0.1">
    <error message="Permission denied: user=puppy3, access=EXECUTE, inode=&quot;/user/puppy&quot;:puppy:supergroup:drwxrwx---&#10;	at org.apache.hadoop.hdfs.server.namenode.FSPermissionChecker.check(FSPermissionChecker.java:399)&#10;	at org.apache.hadoop.hdfs.server.namenode.FSPermissionChecker.checkTraverse(FSPermissionChecker.java:315)&#10;	at org.apache.hadoop.hdfs.server.namenode.FSPermissionChecker.checkPermission(FSPermissionChecker.java:242)&#10;	at org.apache.hadoop.hdfs.server.namenode.FSPermissionChecker.checkPermission(FSPermissionChecker.java:193)&#10;	at org.apache.hadoop.hdfs.server.namenode.FSPermissionChecker.checkTraverse(FSPermissionChecker.java:606)&#10;	at org.apache.hadoop.hdfs.server.namenode.FSDirectory.checkTraverse(FSDirectory.java:1845)&#10;	at org.apache.hadoop.hdfs.server.namenode.FSDirectory.checkTraverse(FSDirectory.java:1863)&#10;	at org.apache.hadoop.hdfs.server.namenode.FSDirectory.resolvePath(FSDirectory.java:686)&#10;	at org.apache.hadoop.hdfs.server.namenode.FSDirWriteFileOp.resolvePathForStartFile(FSDirWriteFileOp.java:321)&#10;	at org.apache.hadoop.hdfs.server.namenode.FSNamesystem.startFileInt(FSNamesystem.java:2508)&#10;	at org.apache.hadoop.hdfs.server.namenode.FSNamesystem.startFile(FSNamesystem.java:2452)&#10;	at org.apache.hadoop.hdfs.server.namenode.NameNodeRpcServer.create(NameNodeRpcServer.java:804)&#10;	at org.apache.hadoop.hdfs.protocolPB.ClientNamenodeProtocolServerSideTranslatorPB.create(ClientNamenodeProtocolServerSideTranslatorPB.java:478)&#10;	at org.apache.hadoop.hdfs.protocol.proto.ClientNamenodeProtocolProtos$ClientNamenodeProtocol$2.callBlockingMethod(ClientNamenodeProtocolProtos.java)&#10;	at org.apache.hadoop.ipc.ProtobufRpcEngine$Server$ProtoBufRpcInvoker.call(ProtobufRpcEngine.java:528)&#10;	at org.apache.hadoop.ipc.RPC$Server.call(RPC.java:1086)&#10;	at org.apache.hadoop.ipc.Server$RpcCall.run(Server.java:1029)&#10;	at org.apache.hadoop.ipc.Server$RpcCall.run(Server.java:957)&#10;	at java.security.AccessController.doPrivileged(Native Method)&#10;	at javax.security.auth.Subject.doAs(Subject.java:422)&#10;	at org.apache.hadoop.security.UserGroupInformation.doAs(UserGroupInformation.java:1762)&#10;	at org.apache.hadoop.ipc.Server$Handler.run(Server.java:2957)&#10;" type="org.apache.hadoop.security.AccessControlException">org.apache.hadoop.security.AccessControlException: 
Permission denied: user=puppy3, access=EXECUTE, inode="/user/puppy":puppy:supergroup:drwxrwx---
	at org.apache.hadoop.hdfs.server.namenode.FSPermissionChecker.check(FSPermissionChecker.java:399)
	at org.apache.hadoop.hdfs.server.namenode.FSPermissionChecker.checkTraverse(FSPermissionChecker.java:315)
	at org.apache.hadoop.hdfs.server.namenode.FSPermissionChecker.checkPermission(FSPermissionChecker.java:242)
	at org.apache.hadoop.hdfs.server.namenode.FSPermissionChecker.checkPermission(FSPermissionChecker.java:193)
	at org.apache.hadoop.hdfs.server.namenode.FSPermissionChecker.checkTraverse(FSPermissionChecker.java:606)
	at org.apache.hadoop.hdfs.server.namenode.FSDirectory.checkTraverse(FSDirectory.java:1845)
	at org.apache.hadoop.hdfs.server.namenode.FSDirectory.checkTraverse(FSDirectory.java:1863)
	at org.apache.hadoop.hdfs.server.namenode.FSDirectory.resolvePath(FSDirectory.java:686)
	at org.apache.hadoop.hdfs.server.namenode.FSDirWriteFileOp.resolvePathForStartFile(FSDirWriteFileOp.java:321)
	at org.apache.hadoop.hdfs.server.namenode.FSNamesystem.startFileInt(FSNamesystem.java:2508)
	at org.apache.hadoop.hdfs.server.namenode.FSNamesystem.startFile(FSNamesystem.java:2452)
	at org.apache.hadoop.hdfs.server.namenode.NameNodeRpcServer.create(NameNodeRpcServer.java:804)
	at org.apache.hadoop.hdfs.protocolPB.ClientNamenodeProtocolServerSideTranslatorPB.create(ClientNamenodeProtocolServerSideTranslatorPB.java:478)
	at org.apache.hadoop.hdfs.protocol.proto.ClientNamenodeProtocolProtos$ClientNamenodeProtocol$2.callBlockingMethod(ClientNamenodeProtocolProtos.java)
	at org.apache.hadoop.ipc.ProtobufRpcEngine$Server$ProtoBufRpcInvoker.call(ProtobufRpcEngine.java:528)
	at org.apache.hadoop.ipc.RPC$Server.call(RPC.java:1086)
	at org.apache.hadoop.ipc.Server$RpcCall.run(Server.java:1029)
	at org.apache.hadoop.ipc.Server$RpcCall.run(Server.java:957)
	at java.security.AccessController.doPrivileged(Native Method)
	at javax.security.auth.Subject.doAs(Subject.java:422)
	at org.apache.hadoop.security.UserGroupInformation.doAs(UserGroupInformation.java:1762)
	at org.apache.hadoop.ipc.Server$Handler.run(Server.java:2957)

	at org.puppy.hadoop.TestHadoopFileSystem.config(TestHadoopFileSystem.java:78)
Caused by: org.apache.hadoop.ipc.RemoteException: 
Permission denied: user=puppy3, access=EXECUTE, inode="/user/puppy":puppy:supergroup:drwxrwx---
	at org.apache.hadoop.hdfs.server.namenode.FSPermissionChecker.check(FSPermissionChecker.java:399)
	at org.apache.hadoop.hdfs.server.namenode.FSPermissionChecker.checkTraverse(FSPermissionChecker.java:315)
	at org.apache.hadoop.hdfs.server.namenode.FSPermissionChecker.checkPermission(FSPermissionChecker.java:242)
	at org.apache.hadoop.hdfs.server.namenode.FSPermissionChecker.checkPermission(FSPermissionChecker.java:193)
	at org.apache.hadoop.hdfs.server.namenode.FSPermissionChecker.checkTraverse(FSPermissionChecker.java:606)
	at org.apache.hadoop.hdfs.server.namenode.FSDirectory.checkTraverse(FSDirectory.java:1845)
	at org.apache.hadoop.hdfs.server.namenode.FSDirectory.checkTraverse(FSDirectory.java:1863)
	at org.apache.hadoop.hdfs.server.namenode.FSDirectory.resolvePath(FSDirectory.java:686)
	at org.apache.hadoop.hdfs.server.namenode.FSDirWriteFileOp.resolvePathForStartFile(FSDirWriteFileOp.java:321)
	at org.apache.hadoop.hdfs.server.namenode.FSNamesystem.startFileInt(FSNamesystem.java:2508)
	at org.apache.hadoop.hdfs.server.namenode.FSNamesystem.startFile(FSNamesystem.java:2452)
	at org.apache.hadoop.hdfs.server.namenode.NameNodeRpcServer.create(NameNodeRpcServer.java:804)
	at org.apache.hadoop.hdfs.protocolPB.ClientNamenodeProtocolServerSideTranslatorPB.create(ClientNamenodeProtocolServerSideTranslatorPB.java:478)
	at org.apache.hadoop.hdfs.protocol.proto.ClientNamenodeProtocolProtos$ClientNamenodeProtocol$2.callBlockingMethod(ClientNamenodeProtocolProtos.java)
	at org.apache.hadoop.ipc.ProtobufRpcEngine$Server$ProtoBufRpcInvoker.call(ProtobufRpcEngine.java:528)
	at org.apache.hadoop.ipc.RPC$Server.call(RPC.java:1086)
	at org.apache.hadoop.ipc.Server$RpcCall.run(Server.java:1029)
	at org.apache.hadoop.ipc.Server$RpcCall.run(Server.java:957)
	at java.security.AccessController.doPrivileged(Native Method)
	at javax.security.auth.Subject.doAs(Subject.java:422)
	at org.apache.hadoop.security.UserGroupInformation.doAs(UserGroupInformation.java:1762)
	at org.apache.hadoop.ipc.Server$Handler.run(Server.java:2957)

	at org.puppy.hadoop.TestHadoopFileSystem.config(TestHadoopFileSystem.java:78)
</error>
    <system-out><![CDATA[2021-03-15 15:25:35.605 [] [main] INFO  o.puppy.hadoop.TestHadoopFileSystem - 
副本数量:1
]]></system-out>
  </testcase>
  <testcase name="create" classname="org.puppy.hadoop.TestHadoopFileSystem" time="0.022">
    <error message="Permission denied: user=puppy3, access=EXECUTE, inode=&quot;/user/puppy&quot;:puppy:supergroup:drwxrwx---&#10;	at org.apache.hadoop.hdfs.server.namenode.FSPermissionChecker.check(FSPermissionChecker.java:399)&#10;	at org.apache.hadoop.hdfs.server.namenode.FSPermissionChecker.checkTraverse(FSPermissionChecker.java:315)&#10;	at org.apache.hadoop.hdfs.server.namenode.FSPermissionChecker.checkPermission(FSPermissionChecker.java:242)&#10;	at org.apache.hadoop.hdfs.server.namenode.FSPermissionChecker.checkPermission(FSPermissionChecker.java:193)&#10;	at org.apache.hadoop.hdfs.server.namenode.FSPermissionChecker.checkTraverse(FSPermissionChecker.java:606)&#10;	at org.apache.hadoop.hdfs.server.namenode.FSDirectory.checkTraverse(FSDirectory.java:1845)&#10;	at org.apache.hadoop.hdfs.server.namenode.FSDirectory.checkTraverse(FSDirectory.java:1863)&#10;	at org.apache.hadoop.hdfs.server.namenode.FSDirectory.resolvePath(FSDirectory.java:686)&#10;	at org.apache.hadoop.hdfs.server.namenode.FSDirWriteFileOp.resolvePathForStartFile(FSDirWriteFileOp.java:321)&#10;	at org.apache.hadoop.hdfs.server.namenode.FSNamesystem.startFileInt(FSNamesystem.java:2508)&#10;	at org.apache.hadoop.hdfs.server.namenode.FSNamesystem.startFile(FSNamesystem.java:2452)&#10;	at org.apache.hadoop.hdfs.server.namenode.NameNodeRpcServer.create(NameNodeRpcServer.java:804)&#10;	at org.apache.hadoop.hdfs.protocolPB.ClientNamenodeProtocolServerSideTranslatorPB.create(ClientNamenodeProtocolServerSideTranslatorPB.java:478)&#10;	at org.apache.hadoop.hdfs.protocol.proto.ClientNamenodeProtocolProtos$ClientNamenodeProtocol$2.callBlockingMethod(ClientNamenodeProtocolProtos.java)&#10;	at org.apache.hadoop.ipc.ProtobufRpcEngine$Server$ProtoBufRpcInvoker.call(ProtobufRpcEngine.java:528)&#10;	at org.apache.hadoop.ipc.RPC$Server.call(RPC.java:1086)&#10;	at org.apache.hadoop.ipc.Server$RpcCall.run(Server.java:1029)&#10;	at org.apache.hadoop.ipc.Server$RpcCall.run(Server.java:957)&#10;	at java.security.AccessController.doPrivileged(Native Method)&#10;	at javax.security.auth.Subject.doAs(Subject.java:422)&#10;	at org.apache.hadoop.security.UserGroupInformation.doAs(UserGroupInformation.java:1762)&#10;	at org.apache.hadoop.ipc.Server$Handler.run(Server.java:2957)&#10;" type="org.apache.hadoop.security.AccessControlException">org.apache.hadoop.security.AccessControlException: 
Permission denied: user=puppy3, access=EXECUTE, inode="/user/puppy":puppy:supergroup:drwxrwx---
	at org.apache.hadoop.hdfs.server.namenode.FSPermissionChecker.check(FSPermissionChecker.java:399)
	at org.apache.hadoop.hdfs.server.namenode.FSPermissionChecker.checkTraverse(FSPermissionChecker.java:315)
	at org.apache.hadoop.hdfs.server.namenode.FSPermissionChecker.checkPermission(FSPermissionChecker.java:242)
	at org.apache.hadoop.hdfs.server.namenode.FSPermissionChecker.checkPermission(FSPermissionChecker.java:193)
	at org.apache.hadoop.hdfs.server.namenode.FSPermissionChecker.checkTraverse(FSPermissionChecker.java:606)
	at org.apache.hadoop.hdfs.server.namenode.FSDirectory.checkTraverse(FSDirectory.java:1845)
	at org.apache.hadoop.hdfs.server.namenode.FSDirectory.checkTraverse(FSDirectory.java:1863)
	at org.apache.hadoop.hdfs.server.namenode.FSDirectory.resolvePath(FSDirectory.java:686)
	at org.apache.hadoop.hdfs.server.namenode.FSDirWriteFileOp.resolvePathForStartFile(FSDirWriteFileOp.java:321)
	at org.apache.hadoop.hdfs.server.namenode.FSNamesystem.startFileInt(FSNamesystem.java:2508)
	at org.apache.hadoop.hdfs.server.namenode.FSNamesystem.startFile(FSNamesystem.java:2452)
	at org.apache.hadoop.hdfs.server.namenode.NameNodeRpcServer.create(NameNodeRpcServer.java:804)
	at org.apache.hadoop.hdfs.protocolPB.ClientNamenodeProtocolServerSideTranslatorPB.create(ClientNamenodeProtocolServerSideTranslatorPB.java:478)
	at org.apache.hadoop.hdfs.protocol.proto.ClientNamenodeProtocolProtos$ClientNamenodeProtocol$2.callBlockingMethod(ClientNamenodeProtocolProtos.java)
	at org.apache.hadoop.ipc.ProtobufRpcEngine$Server$ProtoBufRpcInvoker.call(ProtobufRpcEngine.java:528)
	at org.apache.hadoop.ipc.RPC$Server.call(RPC.java:1086)
	at org.apache.hadoop.ipc.Server$RpcCall.run(Server.java:1029)
	at org.apache.hadoop.ipc.Server$RpcCall.run(Server.java:957)
	at java.security.AccessController.doPrivileged(Native Method)
	at javax.security.auth.Subject.doAs(Subject.java:422)
	at org.apache.hadoop.security.UserGroupInformation.doAs(UserGroupInformation.java:1762)
	at org.apache.hadoop.ipc.Server$Handler.run(Server.java:2957)

	at org.puppy.hadoop.TestHadoopFileSystem.create(TestHadoopFileSystem.java:55)
Caused by: org.apache.hadoop.ipc.RemoteException: 
Permission denied: user=puppy3, access=EXECUTE, inode="/user/puppy":puppy:supergroup:drwxrwx---
	at org.apache.hadoop.hdfs.server.namenode.FSPermissionChecker.check(FSPermissionChecker.java:399)
	at org.apache.hadoop.hdfs.server.namenode.FSPermissionChecker.checkTraverse(FSPermissionChecker.java:315)
	at org.apache.hadoop.hdfs.server.namenode.FSPermissionChecker.checkPermission(FSPermissionChecker.java:242)
	at org.apache.hadoop.hdfs.server.namenode.FSPermissionChecker.checkPermission(FSPermissionChecker.java:193)
	at org.apache.hadoop.hdfs.server.namenode.FSPermissionChecker.checkTraverse(FSPermissionChecker.java:606)
	at org.apache.hadoop.hdfs.server.namenode.FSDirectory.checkTraverse(FSDirectory.java:1845)
	at org.apache.hadoop.hdfs.server.namenode.FSDirectory.checkTraverse(FSDirectory.java:1863)
	at org.apache.hadoop.hdfs.server.namenode.FSDirectory.resolvePath(FSDirectory.java:686)
	at org.apache.hadoop.hdfs.server.namenode.FSDirWriteFileOp.resolvePathForStartFile(FSDirWriteFileOp.java:321)
	at org.apache.hadoop.hdfs.server.namenode.FSNamesystem.startFileInt(FSNamesystem.java:2508)
	at org.apache.hadoop.hdfs.server.namenode.FSNamesystem.startFile(FSNamesystem.java:2452)
	at org.apache.hadoop.hdfs.server.namenode.NameNodeRpcServer.create(NameNodeRpcServer.java:804)
	at org.apache.hadoop.hdfs.protocolPB.ClientNamenodeProtocolServerSideTranslatorPB.create(ClientNamenodeProtocolServerSideTranslatorPB.java:478)
	at org.apache.hadoop.hdfs.protocol.proto.ClientNamenodeProtocolProtos$ClientNamenodeProtocol$2.callBlockingMethod(ClientNamenodeProtocolProtos.java)
	at org.apache.hadoop.ipc.ProtobufRpcEngine$Server$ProtoBufRpcInvoker.call(ProtobufRpcEngine.java:528)
	at org.apache.hadoop.ipc.RPC$Server.call(RPC.java:1086)
	at org.apache.hadoop.ipc.Server$RpcCall.run(Server.java:1029)
	at org.apache.hadoop.ipc.Server$RpcCall.run(Server.java:957)
	at java.security.AccessController.doPrivileged(Native Method)
	at javax.security.auth.Subject.doAs(Subject.java:422)
	at org.apache.hadoop.security.UserGroupInformation.doAs(UserGroupInformation.java:1762)
	at org.apache.hadoop.ipc.Server$Handler.run(Server.java:2957)

	at org.puppy.hadoop.TestHadoopFileSystem.create(TestHadoopFileSystem.java:55)
</error>
  </testcase>
  <testcase name="delete" classname="org.puppy.hadoop.TestHadoopFileSystem" time="0.021">
    <error message="Permission denied: user=puppy3, access=EXECUTE, inode=&quot;/user/puppy&quot;:puppy:supergroup:drwxrwx---&#10;	at org.apache.hadoop.hdfs.server.namenode.FSPermissionChecker.check(FSPermissionChecker.java:399)&#10;	at org.apache.hadoop.hdfs.server.namenode.FSPermissionChecker.checkTraverse(FSPermissionChecker.java:315)&#10;	at org.apache.hadoop.hdfs.server.namenode.FSPermissionChecker.checkPermission(FSPermissionChecker.java:242)&#10;	at org.apache.hadoop.hdfs.server.namenode.FSPermissionChecker.checkPermission(FSPermissionChecker.java:193)&#10;	at org.apache.hadoop.hdfs.server.namenode.FSPermissionChecker.checkTraverse(FSPermissionChecker.java:606)&#10;	at org.apache.hadoop.hdfs.server.namenode.FSDirectory.checkTraverse(FSDirectory.java:1845)&#10;	at org.apache.hadoop.hdfs.server.namenode.FSDirectory.checkTraverse(FSDirectory.java:1863)&#10;	at org.apache.hadoop.hdfs.server.namenode.FSDirectory.resolvePath(FSDirectory.java:686)&#10;	at org.apache.hadoop.hdfs.server.namenode.FSDirDeleteOp.delete(FSDirDeleteOp.java:108)&#10;	at org.apache.hadoop.hdfs.server.namenode.FSNamesystem.delete(FSNamesystem.java:3104)&#10;	at org.apache.hadoop.hdfs.server.namenode.NameNodeRpcServer.delete(NameNodeRpcServer.java:1127)&#10;	at org.apache.hadoop.hdfs.protocolPB.ClientNamenodeProtocolServerSideTranslatorPB.delete(ClientNamenodeProtocolServerSideTranslatorPB.java:708)&#10;	at org.apache.hadoop.hdfs.protocol.proto.ClientNamenodeProtocolProtos$ClientNamenodeProtocol$2.callBlockingMethod(ClientNamenodeProtocolProtos.java)&#10;	at org.apache.hadoop.ipc.ProtobufRpcEngine$Server$ProtoBufRpcInvoker.call(ProtobufRpcEngine.java:528)&#10;	at org.apache.hadoop.ipc.RPC$Server.call(RPC.java:1086)&#10;	at org.apache.hadoop.ipc.Server$RpcCall.run(Server.java:1029)&#10;	at org.apache.hadoop.ipc.Server$RpcCall.run(Server.java:957)&#10;	at java.security.AccessController.doPrivileged(Native Method)&#10;	at javax.security.auth.Subject.doAs(Subject.java:422)&#10;	at org.apache.hadoop.security.UserGroupInformation.doAs(UserGroupInformation.java:1762)&#10;	at org.apache.hadoop.ipc.Server$Handler.run(Server.java:2957)&#10;" type="org.apache.hadoop.security.AccessControlException">org.apache.hadoop.security.AccessControlException: 
Permission denied: user=puppy3, access=EXECUTE, inode="/user/puppy":puppy:supergroup:drwxrwx---
	at org.apache.hadoop.hdfs.server.namenode.FSPermissionChecker.check(FSPermissionChecker.java:399)
	at org.apache.hadoop.hdfs.server.namenode.FSPermissionChecker.checkTraverse(FSPermissionChecker.java:315)
	at org.apache.hadoop.hdfs.server.namenode.FSPermissionChecker.checkPermission(FSPermissionChecker.java:242)
	at org.apache.hadoop.hdfs.server.namenode.FSPermissionChecker.checkPermission(FSPermissionChecker.java:193)
	at org.apache.hadoop.hdfs.server.namenode.FSPermissionChecker.checkTraverse(FSPermissionChecker.java:606)
	at org.apache.hadoop.hdfs.server.namenode.FSDirectory.checkTraverse(FSDirectory.java:1845)
	at org.apache.hadoop.hdfs.server.namenode.FSDirectory.checkTraverse(FSDirectory.java:1863)
	at org.apache.hadoop.hdfs.server.namenode.FSDirectory.resolvePath(FSDirectory.java:686)
	at org.apache.hadoop.hdfs.server.namenode.FSDirDeleteOp.delete(FSDirDeleteOp.java:108)
	at org.apache.hadoop.hdfs.server.namenode.FSNamesystem.delete(FSNamesystem.java:3104)
	at org.apache.hadoop.hdfs.server.namenode.NameNodeRpcServer.delete(NameNodeRpcServer.java:1127)
	at org.apache.hadoop.hdfs.protocolPB.ClientNamenodeProtocolServerSideTranslatorPB.delete(ClientNamenodeProtocolServerSideTranslatorPB.java:708)
	at org.apache.hadoop.hdfs.protocol.proto.ClientNamenodeProtocolProtos$ClientNamenodeProtocol$2.callBlockingMethod(ClientNamenodeProtocolProtos.java)
	at org.apache.hadoop.ipc.ProtobufRpcEngine$Server$ProtoBufRpcInvoker.call(ProtobufRpcEngine.java:528)
	at org.apache.hadoop.ipc.RPC$Server.call(RPC.java:1086)
	at org.apache.hadoop.ipc.Server$RpcCall.run(Server.java:1029)
	at org.apache.hadoop.ipc.Server$RpcCall.run(Server.java:957)
	at java.security.AccessController.doPrivileged(Native Method)
	at javax.security.auth.Subject.doAs(Subject.java:422)
	at org.apache.hadoop.security.UserGroupInformation.doAs(UserGroupInformation.java:1762)
	at org.apache.hadoop.ipc.Server$Handler.run(Server.java:2957)

	at org.puppy.hadoop.TestHadoopFileSystem.delete(TestHadoopFileSystem.java:153)
Caused by: org.apache.hadoop.ipc.RemoteException: 
Permission denied: user=puppy3, access=EXECUTE, inode="/user/puppy":puppy:supergroup:drwxrwx---
	at org.apache.hadoop.hdfs.server.namenode.FSPermissionChecker.check(FSPermissionChecker.java:399)
	at org.apache.hadoop.hdfs.server.namenode.FSPermissionChecker.checkTraverse(FSPermissionChecker.java:315)
	at org.apache.hadoop.hdfs.server.namenode.FSPermissionChecker.checkPermission(FSPermissionChecker.java:242)
	at org.apache.hadoop.hdfs.server.namenode.FSPermissionChecker.checkPermission(FSPermissionChecker.java:193)
	at org.apache.hadoop.hdfs.server.namenode.FSPermissionChecker.checkTraverse(FSPermissionChecker.java:606)
	at org.apache.hadoop.hdfs.server.namenode.FSDirectory.checkTraverse(FSDirectory.java:1845)
	at org.apache.hadoop.hdfs.server.namenode.FSDirectory.checkTraverse(FSDirectory.java:1863)
	at org.apache.hadoop.hdfs.server.namenode.FSDirectory.resolvePath(FSDirectory.java:686)
	at org.apache.hadoop.hdfs.server.namenode.FSDirDeleteOp.delete(FSDirDeleteOp.java:108)
	at org.apache.hadoop.hdfs.server.namenode.FSNamesystem.delete(FSNamesystem.java:3104)
	at org.apache.hadoop.hdfs.server.namenode.NameNodeRpcServer.delete(NameNodeRpcServer.java:1127)
	at org.apache.hadoop.hdfs.protocolPB.ClientNamenodeProtocolServerSideTranslatorPB.delete(ClientNamenodeProtocolServerSideTranslatorPB.java:708)
	at org.apache.hadoop.hdfs.protocol.proto.ClientNamenodeProtocolProtos$ClientNamenodeProtocol$2.callBlockingMethod(ClientNamenodeProtocolProtos.java)
	at org.apache.hadoop.ipc.ProtobufRpcEngine$Server$ProtoBufRpcInvoker.call(ProtobufRpcEngine.java:528)
	at org.apache.hadoop.ipc.RPC$Server.call(RPC.java:1086)
	at org.apache.hadoop.ipc.Server$RpcCall.run(Server.java:1029)
	at org.apache.hadoop.ipc.Server$RpcCall.run(Server.java:957)
	at java.security.AccessController.doPrivileged(Native Method)
	at javax.security.auth.Subject.doAs(Subject.java:422)
	at org.apache.hadoop.security.UserGroupInformation.doAs(UserGroupInformation.java:1762)
	at org.apache.hadoop.ipc.Server$Handler.run(Server.java:2957)

	at org.puppy.hadoop.TestHadoopFileSystem.delete(TestHadoopFileSystem.java:153)
</error>
  </testcase>
  <testcase name="mkdirs" classname="org.puppy.hadoop.TestHadoopFileSystem" time="0.022"/>
  <testcase name="rename" classname="org.puppy.hadoop.TestHadoopFileSystem" time="0.017">
    <error message="Permission denied: user=puppy3, access=EXECUTE, inode=&quot;/user/puppy&quot;:puppy:supergroup:drwxrwx---&#10;	at org.apache.hadoop.hdfs.server.namenode.FSPermissionChecker.check(FSPermissionChecker.java:399)&#10;	at org.apache.hadoop.hdfs.server.namenode.FSPermissionChecker.checkTraverse(FSPermissionChecker.java:315)&#10;	at org.apache.hadoop.hdfs.server.namenode.FSPermissionChecker.checkPermission(FSPermissionChecker.java:242)&#10;	at org.apache.hadoop.hdfs.server.namenode.FSPermissionChecker.checkPermission(FSPermissionChecker.java:193)&#10;	at org.apache.hadoop.hdfs.server.namenode.FSPermissionChecker.checkTraverse(FSPermissionChecker.java:606)&#10;	at org.apache.hadoop.hdfs.server.namenode.FSDirectory.checkTraverse(FSDirectory.java:1845)&#10;	at org.apache.hadoop.hdfs.server.namenode.FSDirectory.checkTraverse(FSDirectory.java:1863)&#10;	at org.apache.hadoop.hdfs.server.namenode.FSDirectory.resolvePath(FSDirectory.java:686)&#10;	at org.apache.hadoop.hdfs.server.namenode.FSDirRenameOp.renameToInt(FSDirRenameOp.java:59)&#10;	at org.apache.hadoop.hdfs.server.namenode.FSNamesystem.renameTo(FSNamesystem.java:3039)&#10;	at org.apache.hadoop.hdfs.server.namenode.NameNodeRpcServer.rename(NameNodeRpcServer.java:1041)&#10;	at org.apache.hadoop.hdfs.protocolPB.ClientNamenodeProtocolServerSideTranslatorPB.rename(ClientNamenodeProtocolServerSideTranslatorPB.java:661)&#10;	at org.apache.hadoop.hdfs.protocol.proto.ClientNamenodeProtocolProtos$ClientNamenodeProtocol$2.callBlockingMethod(ClientNamenodeProtocolProtos.java)&#10;	at org.apache.hadoop.ipc.ProtobufRpcEngine$Server$ProtoBufRpcInvoker.call(ProtobufRpcEngine.java:528)&#10;	at org.apache.hadoop.ipc.RPC$Server.call(RPC.java:1086)&#10;	at org.apache.hadoop.ipc.Server$RpcCall.run(Server.java:1029)&#10;	at org.apache.hadoop.ipc.Server$RpcCall.run(Server.java:957)&#10;	at java.security.AccessController.doPrivileged(Native Method)&#10;	at javax.security.auth.Subject.doAs(Subject.java:422)&#10;	at org.apache.hadoop.security.UserGroupInformation.doAs(UserGroupInformation.java:1762)&#10;	at org.apache.hadoop.ipc.Server$Handler.run(Server.java:2957)&#10;" type="org.apache.hadoop.security.AccessControlException">org.apache.hadoop.security.AccessControlException: 
Permission denied: user=puppy3, access=EXECUTE, inode="/user/puppy":puppy:supergroup:drwxrwx---
	at org.apache.hadoop.hdfs.server.namenode.FSPermissionChecker.check(FSPermissionChecker.java:399)
	at org.apache.hadoop.hdfs.server.namenode.FSPermissionChecker.checkTraverse(FSPermissionChecker.java:315)
	at org.apache.hadoop.hdfs.server.namenode.FSPermissionChecker.checkPermission(FSPermissionChecker.java:242)
	at org.apache.hadoop.hdfs.server.namenode.FSPermissionChecker.checkPermission(FSPermissionChecker.java:193)
	at org.apache.hadoop.hdfs.server.namenode.FSPermissionChecker.checkTraverse(FSPermissionChecker.java:606)
	at org.apache.hadoop.hdfs.server.namenode.FSDirectory.checkTraverse(FSDirectory.java:1845)
	at org.apache.hadoop.hdfs.server.namenode.FSDirectory.checkTraverse(FSDirectory.java:1863)
	at org.apache.hadoop.hdfs.server.namenode.FSDirectory.resolvePath(FSDirectory.java:686)
	at org.apache.hadoop.hdfs.server.namenode.FSDirRenameOp.renameToInt(FSDirRenameOp.java:59)
	at org.apache.hadoop.hdfs.server.namenode.FSNamesystem.renameTo(FSNamesystem.java:3039)
	at org.apache.hadoop.hdfs.server.namenode.NameNodeRpcServer.rename(NameNodeRpcServer.java:1041)
	at org.apache.hadoop.hdfs.protocolPB.ClientNamenodeProtocolServerSideTranslatorPB.rename(ClientNamenodeProtocolServerSideTranslatorPB.java:661)
	at org.apache.hadoop.hdfs.protocol.proto.ClientNamenodeProtocolProtos$ClientNamenodeProtocol$2.callBlockingMethod(ClientNamenodeProtocolProtos.java)
	at org.apache.hadoop.ipc.ProtobufRpcEngine$Server$ProtoBufRpcInvoker.call(ProtobufRpcEngine.java:528)
	at org.apache.hadoop.ipc.RPC$Server.call(RPC.java:1086)
	at org.apache.hadoop.ipc.Server$RpcCall.run(Server.java:1029)
	at org.apache.hadoop.ipc.Server$RpcCall.run(Server.java:957)
	at java.security.AccessController.doPrivileged(Native Method)
	at javax.security.auth.Subject.doAs(Subject.java:422)
	at org.apache.hadoop.security.UserGroupInformation.doAs(UserGroupInformation.java:1762)
	at org.apache.hadoop.ipc.Server$Handler.run(Server.java:2957)

	at org.puppy.hadoop.TestHadoopFileSystem.rename(TestHadoopFileSystem.java:67)
Caused by: org.apache.hadoop.ipc.RemoteException: 
Permission denied: user=puppy3, access=EXECUTE, inode="/user/puppy":puppy:supergroup:drwxrwx---
	at org.apache.hadoop.hdfs.server.namenode.FSPermissionChecker.check(FSPermissionChecker.java:399)
	at org.apache.hadoop.hdfs.server.namenode.FSPermissionChecker.checkTraverse(FSPermissionChecker.java:315)
	at org.apache.hadoop.hdfs.server.namenode.FSPermissionChecker.checkPermission(FSPermissionChecker.java:242)
	at org.apache.hadoop.hdfs.server.namenode.FSPermissionChecker.checkPermission(FSPermissionChecker.java:193)
	at org.apache.hadoop.hdfs.server.namenode.FSPermissionChecker.checkTraverse(FSPermissionChecker.java:606)
	at org.apache.hadoop.hdfs.server.namenode.FSDirectory.checkTraverse(FSDirectory.java:1845)
	at org.apache.hadoop.hdfs.server.namenode.FSDirectory.checkTraverse(FSDirectory.java:1863)
	at org.apache.hadoop.hdfs.server.namenode.FSDirectory.resolvePath(FSDirectory.java:686)
	at org.apache.hadoop.hdfs.server.namenode.FSDirRenameOp.renameToInt(FSDirRenameOp.java:59)
	at org.apache.hadoop.hdfs.server.namenode.FSNamesystem.renameTo(FSNamesystem.java:3039)
	at org.apache.hadoop.hdfs.server.namenode.NameNodeRpcServer.rename(NameNodeRpcServer.java:1041)
	at org.apache.hadoop.hdfs.protocolPB.ClientNamenodeProtocolServerSideTranslatorPB.rename(ClientNamenodeProtocolServerSideTranslatorPB.java:661)
	at org.apache.hadoop.hdfs.protocol.proto.ClientNamenodeProtocolProtos$ClientNamenodeProtocol$2.callBlockingMethod(ClientNamenodeProtocolProtos.java)
	at org.apache.hadoop.ipc.ProtobufRpcEngine$Server$ProtoBufRpcInvoker.call(ProtobufRpcEngine.java:528)
	at org.apache.hadoop.ipc.RPC$Server.call(RPC.java:1086)
	at org.apache.hadoop.ipc.Server$RpcCall.run(Server.java:1029)
	at org.apache.hadoop.ipc.Server$RpcCall.run(Server.java:957)
	at java.security.AccessController.doPrivileged(Native Method)
	at javax.security.auth.Subject.doAs(Subject.java:422)
	at org.apache.hadoop.security.UserGroupInformation.doAs(UserGroupInformation.java:1762)
	at org.apache.hadoop.ipc.Server$Handler.run(Server.java:2957)

	at org.puppy.hadoop.TestHadoopFileSystem.rename(TestHadoopFileSystem.java:67)
</error>
  </testcase>
  <testcase name="copyBigFileFromLocal" classname="org.puppy.hadoop.TestHadoopFileSystem" time="0.019">
    <error message="Permission denied: user=puppy3, access=EXECUTE, inode=&quot;/user/puppy&quot;:puppy:supergroup:drwxrwx---&#10;	at org.apache.hadoop.hdfs.server.namenode.FSPermissionChecker.check(FSPermissionChecker.java:399)&#10;	at org.apache.hadoop.hdfs.server.namenode.FSPermissionChecker.checkTraverse(FSPermissionChecker.java:315)&#10;	at org.apache.hadoop.hdfs.server.namenode.FSPermissionChecker.checkPermission(FSPermissionChecker.java:242)&#10;	at org.apache.hadoop.hdfs.server.namenode.FSPermissionChecker.checkPermission(FSPermissionChecker.java:193)&#10;	at org.apache.hadoop.hdfs.server.namenode.FSPermissionChecker.checkTraverse(FSPermissionChecker.java:606)&#10;	at org.apache.hadoop.hdfs.server.namenode.FSDirectory.checkTraverse(FSDirectory.java:1845)&#10;	at org.apache.hadoop.hdfs.server.namenode.FSDirectory.checkTraverse(FSDirectory.java:1863)&#10;	at org.apache.hadoop.hdfs.server.namenode.FSDirectory.resolvePath(FSDirectory.java:686)&#10;	at org.apache.hadoop.hdfs.server.namenode.FSDirWriteFileOp.resolvePathForStartFile(FSDirWriteFileOp.java:321)&#10;	at org.apache.hadoop.hdfs.server.namenode.FSNamesystem.startFileInt(FSNamesystem.java:2508)&#10;	at org.apache.hadoop.hdfs.server.namenode.FSNamesystem.startFile(FSNamesystem.java:2452)&#10;	at org.apache.hadoop.hdfs.server.namenode.NameNodeRpcServer.create(NameNodeRpcServer.java:804)&#10;	at org.apache.hadoop.hdfs.protocolPB.ClientNamenodeProtocolServerSideTranslatorPB.create(ClientNamenodeProtocolServerSideTranslatorPB.java:478)&#10;	at org.apache.hadoop.hdfs.protocol.proto.ClientNamenodeProtocolProtos$ClientNamenodeProtocol$2.callBlockingMethod(ClientNamenodeProtocolProtos.java)&#10;	at org.apache.hadoop.ipc.ProtobufRpcEngine$Server$ProtoBufRpcInvoker.call(ProtobufRpcEngine.java:528)&#10;	at org.apache.hadoop.ipc.RPC$Server.call(RPC.java:1086)&#10;	at org.apache.hadoop.ipc.Server$RpcCall.run(Server.java:1029)&#10;	at org.apache.hadoop.ipc.Server$RpcCall.run(Server.java:957)&#10;	at java.security.AccessController.doPrivileged(Native Method)&#10;	at javax.security.auth.Subject.doAs(Subject.java:422)&#10;	at org.apache.hadoop.security.UserGroupInformation.doAs(UserGroupInformation.java:1762)&#10;	at org.apache.hadoop.ipc.Server$Handler.run(Server.java:2957)&#10;" type="org.apache.hadoop.security.AccessControlException">org.apache.hadoop.security.AccessControlException: 
Permission denied: user=puppy3, access=EXECUTE, inode="/user/puppy":puppy:supergroup:drwxrwx---
	at org.apache.hadoop.hdfs.server.namenode.FSPermissionChecker.check(FSPermissionChecker.java:399)
	at org.apache.hadoop.hdfs.server.namenode.FSPermissionChecker.checkTraverse(FSPermissionChecker.java:315)
	at org.apache.hadoop.hdfs.server.namenode.FSPermissionChecker.checkPermission(FSPermissionChecker.java:242)
	at org.apache.hadoop.hdfs.server.namenode.FSPermissionChecker.checkPermission(FSPermissionChecker.java:193)
	at org.apache.hadoop.hdfs.server.namenode.FSPermissionChecker.checkTraverse(FSPermissionChecker.java:606)
	at org.apache.hadoop.hdfs.server.namenode.FSDirectory.checkTraverse(FSDirectory.java:1845)
	at org.apache.hadoop.hdfs.server.namenode.FSDirectory.checkTraverse(FSDirectory.java:1863)
	at org.apache.hadoop.hdfs.server.namenode.FSDirectory.resolvePath(FSDirectory.java:686)
	at org.apache.hadoop.hdfs.server.namenode.FSDirWriteFileOp.resolvePathForStartFile(FSDirWriteFileOp.java:321)
	at org.apache.hadoop.hdfs.server.namenode.FSNamesystem.startFileInt(FSNamesystem.java:2508)
	at org.apache.hadoop.hdfs.server.namenode.FSNamesystem.startFile(FSNamesystem.java:2452)
	at org.apache.hadoop.hdfs.server.namenode.NameNodeRpcServer.create(NameNodeRpcServer.java:804)
	at org.apache.hadoop.hdfs.protocolPB.ClientNamenodeProtocolServerSideTranslatorPB.create(ClientNamenodeProtocolServerSideTranslatorPB.java:478)
	at org.apache.hadoop.hdfs.protocol.proto.ClientNamenodeProtocolProtos$ClientNamenodeProtocol$2.callBlockingMethod(ClientNamenodeProtocolProtos.java)
	at org.apache.hadoop.ipc.ProtobufRpcEngine$Server$ProtoBufRpcInvoker.call(ProtobufRpcEngine.java:528)
	at org.apache.hadoop.ipc.RPC$Server.call(RPC.java:1086)
	at org.apache.hadoop.ipc.Server$RpcCall.run(Server.java:1029)
	at org.apache.hadoop.ipc.Server$RpcCall.run(Server.java:957)
	at java.security.AccessController.doPrivileged(Native Method)
	at javax.security.auth.Subject.doAs(Subject.java:422)
	at org.apache.hadoop.security.UserGroupInformation.doAs(UserGroupInformation.java:1762)
	at org.apache.hadoop.ipc.Server$Handler.run(Server.java:2957)

	at org.puppy.hadoop.TestHadoopFileSystem.copyBigFileFromLocal(TestHadoopFileSystem.java:103)
Caused by: org.apache.hadoop.ipc.RemoteException: 
Permission denied: user=puppy3, access=EXECUTE, inode="/user/puppy":puppy:supergroup:drwxrwx---
	at org.apache.hadoop.hdfs.server.namenode.FSPermissionChecker.check(FSPermissionChecker.java:399)
	at org.apache.hadoop.hdfs.server.namenode.FSPermissionChecker.checkTraverse(FSPermissionChecker.java:315)
	at org.apache.hadoop.hdfs.server.namenode.FSPermissionChecker.checkPermission(FSPermissionChecker.java:242)
	at org.apache.hadoop.hdfs.server.namenode.FSPermissionChecker.checkPermission(FSPermissionChecker.java:193)
	at org.apache.hadoop.hdfs.server.namenode.FSPermissionChecker.checkTraverse(FSPermissionChecker.java:606)
	at org.apache.hadoop.hdfs.server.namenode.FSDirectory.checkTraverse(FSDirectory.java:1845)
	at org.apache.hadoop.hdfs.server.namenode.FSDirectory.checkTraverse(FSDirectory.java:1863)
	at org.apache.hadoop.hdfs.server.namenode.FSDirectory.resolvePath(FSDirectory.java:686)
	at org.apache.hadoop.hdfs.server.namenode.FSDirWriteFileOp.resolvePathForStartFile(FSDirWriteFileOp.java:321)
	at org.apache.hadoop.hdfs.server.namenode.FSNamesystem.startFileInt(FSNamesystem.java:2508)
	at org.apache.hadoop.hdfs.server.namenode.FSNamesystem.startFile(FSNamesystem.java:2452)
	at org.apache.hadoop.hdfs.server.namenode.NameNodeRpcServer.create(NameNodeRpcServer.java:804)
	at org.apache.hadoop.hdfs.protocolPB.ClientNamenodeProtocolServerSideTranslatorPB.create(ClientNamenodeProtocolServerSideTranslatorPB.java:478)
	at org.apache.hadoop.hdfs.protocol.proto.ClientNamenodeProtocolProtos$ClientNamenodeProtocol$2.callBlockingMethod(ClientNamenodeProtocolProtos.java)
	at org.apache.hadoop.ipc.ProtobufRpcEngine$Server$ProtoBufRpcInvoker.call(ProtobufRpcEngine.java:528)
	at org.apache.hadoop.ipc.RPC$Server.call(RPC.java:1086)
	at org.apache.hadoop.ipc.Server$RpcCall.run(Server.java:1029)
	at org.apache.hadoop.ipc.Server$RpcCall.run(Server.java:957)
	at java.security.AccessController.doPrivileged(Native Method)
	at javax.security.auth.Subject.doAs(Subject.java:422)
	at org.apache.hadoop.security.UserGroupInformation.doAs(UserGroupInformation.java:1762)
	at org.apache.hadoop.ipc.Server$Handler.run(Server.java:2957)

	at org.puppy.hadoop.TestHadoopFileSystem.copyBigFileFromLocal(TestHadoopFileSystem.java:103)
</error>
  </testcase>
  <testcase name="list" classname="org.puppy.hadoop.TestHadoopFileSystem" time="0.019">
    <error message="Permission denied: user=puppy3, access=READ_EXECUTE, inode=&quot;/user/puppy&quot;:puppy:supergroup:drwxrwx---&#10;	at org.apache.hadoop.hdfs.server.namenode.FSPermissionChecker.check(FSPermissionChecker.java:399)&#10;	at org.apache.hadoop.hdfs.server.namenode.FSPermissionChecker.checkPermission(FSPermissionChecker.java:261)&#10;	at org.apache.hadoop.hdfs.server.namenode.FSPermissionChecker.checkPermission(FSPermissionChecker.java:193)&#10;	at org.apache.hadoop.hdfs.server.namenode.FSDirectory.checkPermission(FSDirectory.java:1896)&#10;	at org.apache.hadoop.hdfs.server.namenode.FSDirectory.checkPermission(FSDirectory.java:1880)&#10;	at org.apache.hadoop.hdfs.server.namenode.FSDirectory.checkPathAccess(FSDirectory.java:1830)&#10;	at org.apache.hadoop.hdfs.server.namenode.FSDirStatAndListingOp.getListingInt(FSDirStatAndListingOp.java:78)&#10;	at org.apache.hadoop.hdfs.server.namenode.FSNamesystem.getListing(FSNamesystem.java:3902)&#10;	at org.apache.hadoop.hdfs.server.namenode.NameNodeRpcServer.getListing(NameNodeRpcServer.java:1173)&#10;	at org.apache.hadoop.hdfs.protocolPB.ClientNamenodeProtocolServerSideTranslatorPB.getListing(ClientNamenodeProtocolServerSideTranslatorPB.java:735)&#10;	at org.apache.hadoop.hdfs.protocol.proto.ClientNamenodeProtocolProtos$ClientNamenodeProtocol$2.callBlockingMethod(ClientNamenodeProtocolProtos.java)&#10;	at org.apache.hadoop.ipc.ProtobufRpcEngine$Server$ProtoBufRpcInvoker.call(ProtobufRpcEngine.java:528)&#10;	at org.apache.hadoop.ipc.RPC$Server.call(RPC.java:1086)&#10;	at org.apache.hadoop.ipc.Server$RpcCall.run(Server.java:1029)&#10;	at org.apache.hadoop.ipc.Server$RpcCall.run(Server.java:957)&#10;	at java.security.AccessController.doPrivileged(Native Method)&#10;	at javax.security.auth.Subject.doAs(Subject.java:422)&#10;	at org.apache.hadoop.security.UserGroupInformation.doAs(UserGroupInformation.java:1762)&#10;	at org.apache.hadoop.ipc.Server$Handler.run(Server.java:2957)&#10;" type="org.apache.hadoop.security.AccessControlException">org.apache.hadoop.security.AccessControlException: 
Permission denied: user=puppy3, access=READ_EXECUTE, inode="/user/puppy":puppy:supergroup:drwxrwx---
	at org.apache.hadoop.hdfs.server.namenode.FSPermissionChecker.check(FSPermissionChecker.java:399)
	at org.apache.hadoop.hdfs.server.namenode.FSPermissionChecker.checkPermission(FSPermissionChecker.java:261)
	at org.apache.hadoop.hdfs.server.namenode.FSPermissionChecker.checkPermission(FSPermissionChecker.java:193)
	at org.apache.hadoop.hdfs.server.namenode.FSDirectory.checkPermission(FSDirectory.java:1896)
	at org.apache.hadoop.hdfs.server.namenode.FSDirectory.checkPermission(FSDirectory.java:1880)
	at org.apache.hadoop.hdfs.server.namenode.FSDirectory.checkPathAccess(FSDirectory.java:1830)
	at org.apache.hadoop.hdfs.server.namenode.FSDirStatAndListingOp.getListingInt(FSDirStatAndListingOp.java:78)
	at org.apache.hadoop.hdfs.server.namenode.FSNamesystem.getListing(FSNamesystem.java:3902)
	at org.apache.hadoop.hdfs.server.namenode.NameNodeRpcServer.getListing(NameNodeRpcServer.java:1173)
	at org.apache.hadoop.hdfs.protocolPB.ClientNamenodeProtocolServerSideTranslatorPB.getListing(ClientNamenodeProtocolServerSideTranslatorPB.java:735)
	at org.apache.hadoop.hdfs.protocol.proto.ClientNamenodeProtocolProtos$ClientNamenodeProtocol$2.callBlockingMethod(ClientNamenodeProtocolProtos.java)
	at org.apache.hadoop.ipc.ProtobufRpcEngine$Server$ProtoBufRpcInvoker.call(ProtobufRpcEngine.java:528)
	at org.apache.hadoop.ipc.RPC$Server.call(RPC.java:1086)
	at org.apache.hadoop.ipc.Server$RpcCall.run(Server.java:1029)
	at org.apache.hadoop.ipc.Server$RpcCall.run(Server.java:957)
	at java.security.AccessController.doPrivileged(Native Method)
	at javax.security.auth.Subject.doAs(Subject.java:422)
	at org.apache.hadoop.security.UserGroupInformation.doAs(UserGroupInformation.java:1762)
	at org.apache.hadoop.ipc.Server$Handler.run(Server.java:2957)

	at org.puppy.hadoop.TestHadoopFileSystem.list(TestHadoopFileSystem.java:121)
Caused by: org.apache.hadoop.ipc.RemoteException: 
Permission denied: user=puppy3, access=READ_EXECUTE, inode="/user/puppy":puppy:supergroup:drwxrwx---
	at org.apache.hadoop.hdfs.server.namenode.FSPermissionChecker.check(FSPermissionChecker.java:399)
	at org.apache.hadoop.hdfs.server.namenode.FSPermissionChecker.checkPermission(FSPermissionChecker.java:261)
	at org.apache.hadoop.hdfs.server.namenode.FSPermissionChecker.checkPermission(FSPermissionChecker.java:193)
	at org.apache.hadoop.hdfs.server.namenode.FSDirectory.checkPermission(FSDirectory.java:1896)
	at org.apache.hadoop.hdfs.server.namenode.FSDirectory.checkPermission(FSDirectory.java:1880)
	at org.apache.hadoop.hdfs.server.namenode.FSDirectory.checkPathAccess(FSDirectory.java:1830)
	at org.apache.hadoop.hdfs.server.namenode.FSDirStatAndListingOp.getListingInt(FSDirStatAndListingOp.java:78)
	at org.apache.hadoop.hdfs.server.namenode.FSNamesystem.getListing(FSNamesystem.java:3902)
	at org.apache.hadoop.hdfs.server.namenode.NameNodeRpcServer.getListing(NameNodeRpcServer.java:1173)
	at org.apache.hadoop.hdfs.protocolPB.ClientNamenodeProtocolServerSideTranslatorPB.getListing(ClientNamenodeProtocolServerSideTranslatorPB.java:735)
	at org.apache.hadoop.hdfs.protocol.proto.ClientNamenodeProtocolProtos$ClientNamenodeProtocol$2.callBlockingMethod(ClientNamenodeProtocolProtos.java)
	at org.apache.hadoop.ipc.ProtobufRpcEngine$Server$ProtoBufRpcInvoker.call(ProtobufRpcEngine.java:528)
	at org.apache.hadoop.ipc.RPC$Server.call(RPC.java:1086)
	at org.apache.hadoop.ipc.Server$RpcCall.run(Server.java:1029)
	at org.apache.hadoop.ipc.Server$RpcCall.run(Server.java:957)
	at java.security.AccessController.doPrivileged(Native Method)
	at javax.security.auth.Subject.doAs(Subject.java:422)
	at org.apache.hadoop.security.UserGroupInformation.doAs(UserGroupInformation.java:1762)
	at org.apache.hadoop.ipc.Server$Handler.run(Server.java:2957)

	at org.puppy.hadoop.TestHadoopFileSystem.list(TestHadoopFileSystem.java:121)
</error>
  </testcase>
  <testcase name="text" classname="org.puppy.hadoop.TestHadoopFileSystem" time="0.02">
    <error message="Permission denied: user=puppy3, access=EXECUTE, inode=&quot;/user/puppy&quot;:puppy:supergroup:drwxrwx---&#10;	at org.apache.hadoop.hdfs.server.namenode.FSPermissionChecker.check(FSPermissionChecker.java:399)&#10;	at org.apache.hadoop.hdfs.server.namenode.FSPermissionChecker.checkTraverse(FSPermissionChecker.java:315)&#10;	at org.apache.hadoop.hdfs.server.namenode.FSPermissionChecker.checkPermission(FSPermissionChecker.java:242)&#10;	at org.apache.hadoop.hdfs.server.namenode.FSPermissionChecker.checkPermission(FSPermissionChecker.java:193)&#10;	at org.apache.hadoop.hdfs.server.namenode.FSPermissionChecker.checkTraverse(FSPermissionChecker.java:606)&#10;	at org.apache.hadoop.hdfs.server.namenode.FSDirectory.checkTraverse(FSDirectory.java:1845)&#10;	at org.apache.hadoop.hdfs.server.namenode.FSDirectory.checkTraverse(FSDirectory.java:1863)&#10;	at org.apache.hadoop.hdfs.server.namenode.FSDirectory.resolvePath(FSDirectory.java:686)&#10;	at org.apache.hadoop.hdfs.server.namenode.FSDirStatAndListingOp.getBlockLocations(FSDirStatAndListingOp.java:154)&#10;	at org.apache.hadoop.hdfs.server.namenode.FSNamesystem.getBlockLocations(FSNamesystem.java:1990)&#10;	at org.apache.hadoop.hdfs.server.namenode.NameNodeRpcServer.getBlockLocations(NameNodeRpcServer.java:768)&#10;	at org.apache.hadoop.hdfs.protocolPB.ClientNamenodeProtocolServerSideTranslatorPB.getBlockLocations(ClientNamenodeProtocolServerSideTranslatorPB.java:442)&#10;	at org.apache.hadoop.hdfs.protocol.proto.ClientNamenodeProtocolProtos$ClientNamenodeProtocol$2.callBlockingMethod(ClientNamenodeProtocolProtos.java)&#10;	at org.apache.hadoop.ipc.ProtobufRpcEngine$Server$ProtoBufRpcInvoker.call(ProtobufRpcEngine.java:528)&#10;	at org.apache.hadoop.ipc.RPC$Server.call(RPC.java:1086)&#10;	at org.apache.hadoop.ipc.Server$RpcCall.run(Server.java:1029)&#10;	at org.apache.hadoop.ipc.Server$RpcCall.run(Server.java:957)&#10;	at java.security.AccessController.doPrivileged(Native Method)&#10;	at javax.security.auth.Subject.doAs(Subject.java:422)&#10;	at org.apache.hadoop.security.UserGroupInformation.doAs(UserGroupInformation.java:1762)&#10;	at org.apache.hadoop.ipc.Server$Handler.run(Server.java:2957)&#10;" type="org.apache.hadoop.security.AccessControlException">org.apache.hadoop.security.AccessControlException: 
Permission denied: user=puppy3, access=EXECUTE, inode="/user/puppy":puppy:supergroup:drwxrwx---
	at org.apache.hadoop.hdfs.server.namenode.FSPermissionChecker.check(FSPermissionChecker.java:399)
	at org.apache.hadoop.hdfs.server.namenode.FSPermissionChecker.checkTraverse(FSPermissionChecker.java:315)
	at org.apache.hadoop.hdfs.server.namenode.FSPermissionChecker.checkPermission(FSPermissionChecker.java:242)
	at org.apache.hadoop.hdfs.server.namenode.FSPermissionChecker.checkPermission(FSPermissionChecker.java:193)
	at org.apache.hadoop.hdfs.server.namenode.FSPermissionChecker.checkTraverse(FSPermissionChecker.java:606)
	at org.apache.hadoop.hdfs.server.namenode.FSDirectory.checkTraverse(FSDirectory.java:1845)
	at org.apache.hadoop.hdfs.server.namenode.FSDirectory.checkTraverse(FSDirectory.java:1863)
	at org.apache.hadoop.hdfs.server.namenode.FSDirectory.resolvePath(FSDirectory.java:686)
	at org.apache.hadoop.hdfs.server.namenode.FSDirStatAndListingOp.getBlockLocations(FSDirStatAndListingOp.java:154)
	at org.apache.hadoop.hdfs.server.namenode.FSNamesystem.getBlockLocations(FSNamesystem.java:1990)
	at org.apache.hadoop.hdfs.server.namenode.NameNodeRpcServer.getBlockLocations(NameNodeRpcServer.java:768)
	at org.apache.hadoop.hdfs.protocolPB.ClientNamenodeProtocolServerSideTranslatorPB.getBlockLocations(ClientNamenodeProtocolServerSideTranslatorPB.java:442)
	at org.apache.hadoop.hdfs.protocol.proto.ClientNamenodeProtocolProtos$ClientNamenodeProtocol$2.callBlockingMethod(ClientNamenodeProtocolProtos.java)
	at org.apache.hadoop.ipc.ProtobufRpcEngine$Server$ProtoBufRpcInvoker.call(ProtobufRpcEngine.java:528)
	at org.apache.hadoop.ipc.RPC$Server.call(RPC.java:1086)
	at org.apache.hadoop.ipc.Server$RpcCall.run(Server.java:1029)
	at org.apache.hadoop.ipc.Server$RpcCall.run(Server.java:957)
	at java.security.AccessController.doPrivileged(Native Method)
	at javax.security.auth.Subject.doAs(Subject.java:422)
	at org.apache.hadoop.security.UserGroupInformation.doAs(UserGroupInformation.java:1762)
	at org.apache.hadoop.ipc.Server$Handler.run(Server.java:2957)

	at org.puppy.hadoop.TestHadoopFileSystem.text(TestHadoopFileSystem.java:49)
Caused by: org.apache.hadoop.ipc.RemoteException: 
Permission denied: user=puppy3, access=EXECUTE, inode="/user/puppy":puppy:supergroup:drwxrwx---
	at org.apache.hadoop.hdfs.server.namenode.FSPermissionChecker.check(FSPermissionChecker.java:399)
	at org.apache.hadoop.hdfs.server.namenode.FSPermissionChecker.checkTraverse(FSPermissionChecker.java:315)
	at org.apache.hadoop.hdfs.server.namenode.FSPermissionChecker.checkPermission(FSPermissionChecker.java:242)
	at org.apache.hadoop.hdfs.server.namenode.FSPermissionChecker.checkPermission(FSPermissionChecker.java:193)
	at org.apache.hadoop.hdfs.server.namenode.FSPermissionChecker.checkTraverse(FSPermissionChecker.java:606)
	at org.apache.hadoop.hdfs.server.namenode.FSDirectory.checkTraverse(FSDirectory.java:1845)
	at org.apache.hadoop.hdfs.server.namenode.FSDirectory.checkTraverse(FSDirectory.java:1863)
	at org.apache.hadoop.hdfs.server.namenode.FSDirectory.resolvePath(FSDirectory.java:686)
	at org.apache.hadoop.hdfs.server.namenode.FSDirStatAndListingOp.getBlockLocations(FSDirStatAndListingOp.java:154)
	at org.apache.hadoop.hdfs.server.namenode.FSNamesystem.getBlockLocations(FSNamesystem.java:1990)
	at org.apache.hadoop.hdfs.server.namenode.NameNodeRpcServer.getBlockLocations(NameNodeRpcServer.java:768)
	at org.apache.hadoop.hdfs.protocolPB.ClientNamenodeProtocolServerSideTranslatorPB.getBlockLocations(ClientNamenodeProtocolServerSideTranslatorPB.java:442)
	at org.apache.hadoop.hdfs.protocol.proto.ClientNamenodeProtocolProtos$ClientNamenodeProtocol$2.callBlockingMethod(ClientNamenodeProtocolProtos.java)
	at org.apache.hadoop.ipc.ProtobufRpcEngine$Server$ProtoBufRpcInvoker.call(ProtobufRpcEngine.java:528)
	at org.apache.hadoop.ipc.RPC$Server.call(RPC.java:1086)
	at org.apache.hadoop.ipc.Server$RpcCall.run(Server.java:1029)
	at org.apache.hadoop.ipc.Server$RpcCall.run(Server.java:957)
	at java.security.AccessController.doPrivileged(Native Method)
	at javax.security.auth.Subject.doAs(Subject.java:422)
	at org.apache.hadoop.security.UserGroupInformation.doAs(UserGroupInformation.java:1762)
	at org.apache.hadoop.ipc.Server$Handler.run(Server.java:2957)

	at org.puppy.hadoop.TestHadoopFileSystem.text(TestHadoopFileSystem.java:49)
</error>
  </testcase>
  <testcase name="getFileBlockLocations" classname="org.puppy.hadoop.TestHadoopFileSystem" time="0.03">
    <error message="Path is not a file: /user/puppy&#10;	at org.apache.hadoop.hdfs.server.namenode.INodeFile.valueOf(INodeFile.java:90)&#10;	at org.apache.hadoop.hdfs.server.namenode.INodeFile.valueOf(INodeFile.java:76)&#10;	at org.apache.hadoop.hdfs.server.namenode.FSDirStatAndListingOp.getBlockLocations(FSDirStatAndListingOp.java:156)&#10;	at org.apache.hadoop.hdfs.server.namenode.FSNamesystem.getBlockLocations(FSNamesystem.java:1990)&#10;	at org.apache.hadoop.hdfs.server.namenode.NameNodeRpcServer.getBlockLocations(NameNodeRpcServer.java:768)&#10;	at org.apache.hadoop.hdfs.protocolPB.ClientNamenodeProtocolServerSideTranslatorPB.getBlockLocations(ClientNamenodeProtocolServerSideTranslatorPB.java:442)&#10;	at org.apache.hadoop.hdfs.protocol.proto.ClientNamenodeProtocolProtos$ClientNamenodeProtocol$2.callBlockingMethod(ClientNamenodeProtocolProtos.java)&#10;	at org.apache.hadoop.ipc.ProtobufRpcEngine$Server$ProtoBufRpcInvoker.call(ProtobufRpcEngine.java:528)&#10;	at org.apache.hadoop.ipc.RPC$Server.call(RPC.java:1086)&#10;	at org.apache.hadoop.ipc.Server$RpcCall.run(Server.java:1029)&#10;	at org.apache.hadoop.ipc.Server$RpcCall.run(Server.java:957)&#10;	at java.security.AccessController.doPrivileged(Native Method)&#10;	at javax.security.auth.Subject.doAs(Subject.java:422)&#10;	at org.apache.hadoop.security.UserGroupInformation.doAs(UserGroupInformation.java:1762)&#10;	at org.apache.hadoop.ipc.Server$Handler.run(Server.java:2957)&#10;" type="java.io.FileNotFoundException">java.io.FileNotFoundException: 
Path is not a file: /user/puppy
	at org.apache.hadoop.hdfs.server.namenode.INodeFile.valueOf(INodeFile.java:90)
	at org.apache.hadoop.hdfs.server.namenode.INodeFile.valueOf(INodeFile.java:76)
	at org.apache.hadoop.hdfs.server.namenode.FSDirStatAndListingOp.getBlockLocations(FSDirStatAndListingOp.java:156)
	at org.apache.hadoop.hdfs.server.namenode.FSNamesystem.getBlockLocations(FSNamesystem.java:1990)
	at org.apache.hadoop.hdfs.server.namenode.NameNodeRpcServer.getBlockLocations(NameNodeRpcServer.java:768)
	at org.apache.hadoop.hdfs.protocolPB.ClientNamenodeProtocolServerSideTranslatorPB.getBlockLocations(ClientNamenodeProtocolServerSideTranslatorPB.java:442)
	at org.apache.hadoop.hdfs.protocol.proto.ClientNamenodeProtocolProtos$ClientNamenodeProtocol$2.callBlockingMethod(ClientNamenodeProtocolProtos.java)
	at org.apache.hadoop.ipc.ProtobufRpcEngine$Server$ProtoBufRpcInvoker.call(ProtobufRpcEngine.java:528)
	at org.apache.hadoop.ipc.RPC$Server.call(RPC.java:1086)
	at org.apache.hadoop.ipc.Server$RpcCall.run(Server.java:1029)
	at org.apache.hadoop.ipc.Server$RpcCall.run(Server.java:957)
	at java.security.AccessController.doPrivileged(Native Method)
	at javax.security.auth.Subject.doAs(Subject.java:422)
	at org.apache.hadoop.security.UserGroupInformation.doAs(UserGroupInformation.java:1762)
	at org.apache.hadoop.ipc.Server$Handler.run(Server.java:2957)

	at org.puppy.hadoop.TestHadoopFileSystem.getFileBlockLocations(TestHadoopFileSystem.java:143)
Caused by: org.apache.hadoop.ipc.RemoteException: 
Path is not a file: /user/puppy
	at org.apache.hadoop.hdfs.server.namenode.INodeFile.valueOf(INodeFile.java:90)
	at org.apache.hadoop.hdfs.server.namenode.INodeFile.valueOf(INodeFile.java:76)
	at org.apache.hadoop.hdfs.server.namenode.FSDirStatAndListingOp.getBlockLocations(FSDirStatAndListingOp.java:156)
	at org.apache.hadoop.hdfs.server.namenode.FSNamesystem.getBlockLocations(FSNamesystem.java:1990)
	at org.apache.hadoop.hdfs.server.namenode.NameNodeRpcServer.getBlockLocations(NameNodeRpcServer.java:768)
	at org.apache.hadoop.hdfs.protocolPB.ClientNamenodeProtocolServerSideTranslatorPB.getBlockLocations(ClientNamenodeProtocolServerSideTranslatorPB.java:442)
	at org.apache.hadoop.hdfs.protocol.proto.ClientNamenodeProtocolProtos$ClientNamenodeProtocol$2.callBlockingMethod(ClientNamenodeProtocolProtos.java)
	at org.apache.hadoop.ipc.ProtobufRpcEngine$Server$ProtoBufRpcInvoker.call(ProtobufRpcEngine.java:528)
	at org.apache.hadoop.ipc.RPC$Server.call(RPC.java:1086)
	at org.apache.hadoop.ipc.Server$RpcCall.run(Server.java:1029)
	at org.apache.hadoop.ipc.Server$RpcCall.run(Server.java:957)
	at java.security.AccessController.doPrivileged(Native Method)
	at javax.security.auth.Subject.doAs(Subject.java:422)
	at org.apache.hadoop.security.UserGroupInformation.doAs(UserGroupInformation.java:1762)
	at org.apache.hadoop.ipc.Server$Handler.run(Server.java:2957)

	at org.puppy.hadoop.TestHadoopFileSystem.getFileBlockLocations(TestHadoopFileSystem.java:143)
</error>
  </testcase>
</testsuite>